#
# There is insufficient memory for the Java Runtime Environment to continue.
# Native memory allocation (malloc) failed to allocate 32744 bytes for ChunkPool::allocate
# Possible reasons:
#   The system is out of physical RAM or swap space
#   The process is running with CompressedOops enabled, and the Java Heap may be blocking the growth of the native heap
# Possible solutions:
#   Reduce memory load on the system
#   Increase physical memory or swap space
#   Check if swap backing store is full
#   Decrease Java heap size (-Xmx/-Xms)
#   Decrease number of Java threads
#   Decrease Java thread stack sizes (-Xss)
#   Set larger code cache with -XX:ReservedCodeCacheSize=
#   JVM is running with Unscaled Compressed Oops mode in which the Java heap is
#     placed in the first 4GB address space. The Java Heap base address is the
#     maximum limit for the native heap growth. Please use -XX:HeapBaseMinAddress
#     to set the Java Heap base and to place the Java Heap above 4GB virtual address.
# This output file may be truncated or incomplete.
#
#  Out of Memory Error (allocation.cpp:272), pid=2064, tid=0x0000000000004fb0
#
# JRE version: OpenJDK Runtime Environment (8.0_242-b01) (build 1.8.0_242-release-1644-b01)
# Java VM: OpenJDK 64-Bit Server VM (25.242-b01 mixed mode windows-amd64 compressed oops)
# Failed to write core dump. Minidumps are not enabled by default on client versions of Windows
#

---------------  T H R E A D  ---------------

Current thread (0x00000000180b6000):  JavaThread "C2 CompilerThread0" daemon [_thread_in_native, id=20400, stack(0x0000000019700000,0x0000000019800000)]

Stack: [0x0000000019700000,0x0000000019800000]
[error occurred during error reporting (printing stack bounds), id 0xc0000005]

Native frames: (J=compiled Java code, j=interpreted, Vv=VM code, C=native code)


Current CompileTask:
C2:   3077 1569   !   4       java.net.URLClassLoader$1::run (63 bytes)


---------------  P R O C E S S  ---------------

Java Threads: ( => current thread )
  0x00000000180cc800 JavaThread "Cache worker for file hash cache (C:\Users\admin\.gradle\caches\6.5\fileHashes)" [_thread_blocked, id=18012, stack(0x000000001e220000,0x000000001e320000)]
  0x00000000180cb000 JavaThread "File lock request listener" [_thread_in_native, id=17428, stack(0x000000001dd20000,0x000000001de20000)]
  0x000000001a219000 JavaThread "Cache worker for journal cache (C:\Users\admin\.gradle\caches\journal-1)" [_thread_blocked, id=4408, stack(0x000000001dc20000,0x000000001dd20000)]
  0x000000001bcb4800 JavaThread "Thread-9" [_thread_blocked, id=412, stack(0x000000001db20000,0x000000001dc20000)]
  0x000000001bbcd000 JavaThread "Stdin handler" [_thread_blocked, id=19536, stack(0x000000001da20000,0x000000001db20000)]
  0x000000001bbc4800 JavaThread "Asynchronous log dispatcher for DefaultDaemonConnection: socket connection from /127.0.0.1:64551 to /127.0.0.1:64552" [_thread_blocked, id=5168, stack(0x000000001d920000,0x000000001da20000)]
  0x000000001bbd6000 JavaThread "Daemon worker" [_thread_in_native, id=19664, stack(0x000000001d820000,0x000000001d920000)]
  0x000000001bc84800 JavaThread "Cancel handler" [_thread_blocked, id=20188, stack(0x000000001d720000,0x000000001d820000)]
  0x000000001bb85800 JavaThread "Handler for socket connection from /127.0.0.1:64551 to /127.0.0.1:64552" [_thread_in_native, id=8608, stack(0x000000001d620000,0x000000001d720000)]
  0x000000001bb8c800 JavaThread "Daemon" [_thread_blocked, id=5836, stack(0x000000001d320000,0x000000001d420000)]
  0x000000001bb8f800 JavaThread "Daemon periodic checks" [_thread_blocked, id=11332, stack(0x000000001d220000,0x000000001d320000)]
  0x000000001bafc000 JavaThread "Incoming local TCP Connector on port 64551" [_thread_in_native, id=11824, stack(0x000000001cfe0000,0x000000001d0e0000)]
  0x000000001ba75800 JavaThread "Daemon health stats" [_thread_blocked, id=20228, stack(0x000000001c9a0000,0x000000001caa0000)]
  0x0000000019a40800 JavaThread "Service Thread" daemon [_thread_blocked, id=3308, stack(0x0000000019e00000,0x0000000019f00000)]
  0x00000000180ce000 JavaThread "C1 CompilerThread2" daemon [_thread_blocked, id=5988, stack(0x0000000019900000,0x0000000019a00000)]
  0x00000000180bb000 JavaThread "C2 CompilerThread1" daemon [_thread_in_native, id=1536, stack(0x0000000019800000,0x0000000019900000)]
=>0x00000000180b6000 JavaThread "C2 CompilerThread0" daemon [_thread_in_native, id=20400, stack(0x0000000019700000,0x0000000019800000)]
  0x00000000180b3000 JavaThread "Attach Listener" daemon [_thread_blocked, id=12076, stack(0x0000000019600000,0x0000000019700000)]
  0x00000000180b2000 JavaThread "Signal Dispatcher" daemon [_thread_blocked, id=19640, stack(0x0000000019500000,0x0000000019600000)]
  0x0000000003488800 JavaThread "Finalizer" daemon [_thread_blocked, id=4008, stack(0x0000000019300000,0x0000000019400000)]
  0x0000000003483000 JavaThread "Reference Handler" daemon [_thread_blocked, id=10052, stack(0x0000000019200000,0x0000000019300000)]
  0x000000000196d800 JavaThread "main" [_thread_blocked, id=9000, stack(0x0000000003290000,0x0000000003390000)]

Other Threads:
  0x0000000018076000 VMThread [stack: 0x0000000019100000,0x0000000019200000] [id=10096]
  0x0000000019a45000 WatcherThread [stack: 0x0000000019f00000,0x000000001a000000] [id=3156]

VM state:not at safepoint (normal execution)

VM Mutex/Monitor currently owned by a thread: None

heap address: 0x0000000080000000, size: 2048 MB, Compressed Oops mode: 32-bit
Narrow klass base: 0x0000000000000000, Narrow klass shift: 3
Compressed class space size: 1073741824 Address: 0x0000000100000000

Heap:
 PSYoungGen      total 75776K, used 56922K [0x00000000d5580000, 0x00000000daa00000, 0x0000000100000000)
  eden space 65024K, 87% used [0x00000000d5580000,0x00000000d8d169e0,0x00000000d9500000)
  from space 10752K, 0% used [0x00000000d9f80000,0x00000000d9f80000,0x00000000daa00000)
  to   space 10752K, 0% used [0x00000000d9500000,0x00000000d9500000,0x00000000d9f80000)
 ParOldGen       total 112128K, used 6394K [0x0000000080000000, 0x0000000086d80000, 0x00000000d5580000)
  object space 112128K, 5% used [0x0000000080000000,0x000000008063ea28,0x0000000086d80000)
 Metaspace       used 17098K, capacity 17722K, committed 17920K, reserved 1067008K
  class space    used 2324K, capacity 2509K, committed 2560K, reserved 1048576K

Card table byte_map: [0x0000000012850000,0x0000000012c60000] byte_map_base: 0x0000000012450000

Marking Bits: (ParMarkBitMap*) 0x000000005440f030
 Begin Bits: [0x0000000013310000, 0x0000000015310000)
 End Bits:   [0x0000000015310000, 0x0000000017310000)

Polling page: 0x0000000001400000

CodeCache: size=245760Kb used=5560Kb max_used=5560Kb free=240199Kb
 bounds [0x0000000003490000, 0x0000000003a10000, 0x0000000012490000]
 total_blobs=2005 nmethods=1604 adapters=314
 compilation: enabled

Compilation events (10 events):
Event: 3.029 Thread 0x00000000180ce000 1607       3       org.gradle.internal.service.DefaultServiceRegistry$CompositeServiceProvider::getService (49 bytes)
Event: 3.029 Thread 0x00000000180ce000 nmethod 1607 0x00000000039fcf10 code [0x00000000039fd080, 0x00000000039fd3c8]
Event: 3.029 Thread 0x00000000180ce000 1606       3       java.lang.Class::isAnnotation (17 bytes)
Event: 3.029 Thread 0x00000000180ce000 nmethod 1606 0x00000000039fd550 code [0x00000000039fd6c0, 0x00000000039fd928]
Event: 3.068 Thread 0x00000000180ce000 1608       1       java.util.Collections$EmptyList::isEmpty (2 bytes)
Event: 3.068 Thread 0x00000000180ce000 nmethod 1608 0x00000000039fd9d0 code [0x00000000039fdb20, 0x00000000039fdc30]
Event: 3.068 Thread 0x00000000180ce000 1609       3       org.gradle.internal.service.DefaultServiceRegistry::find (142 bytes)
Event: 3.069 Thread 0x00000000180ce000 nmethod 1609 0x00000000039fdc90 code [0x00000000039fdfe0, 0x00000000039ffb58]
Event: 3.074 Thread 0x00000000180ce000 1610       3       java.lang.Throwable::<init> (39 bytes)
Event: 3.075 Thread 0x00000000180ce000 nmethod 1610 0x0000000003a00850 code [0x0000000003a009c0, 0x0000000003a00cc8]

GC Heap History (6 events):
Event: 1.083 GC heap before
{Heap before GC invocations=1 (full 0):
 PSYoungGen      total 75776K, used 65024K [0x00000000d5580000, 0x00000000daa00000, 0x0000000100000000)
  eden space 65024K, 100% used [0x00000000d5580000,0x00000000d9500000,0x00000000d9500000)
  from space 10752K, 0% used [0x00000000d9f80000,0x00000000d9f80000,0x00000000daa00000)
  to   space 10752K, 0% used [0x00000000d9500000,0x00000000d9500000,0x00000000d9f80000)
 ParOldGen       total 173568K, used 0K [0x0000000080000000, 0x000000008a980000, 0x00000000d5580000)
  object space 173568K, 0% used [0x0000000080000000,0x0000000080000000,0x000000008a980000)
 Metaspace       used 7422K, capacity 7638K, committed 7936K, reserved 1056768K
  class space    used 905K, capacity 973K, committed 1024K, reserved 1048576K
Event: 1.090 GC heap after
Heap after GC invocations=1 (full 0):
 PSYoungGen      total 75776K, used 5573K [0x00000000d5580000, 0x00000000daa00000, 0x0000000100000000)
  eden space 65024K, 0% used [0x00000000d5580000,0x00000000d5580000,0x00000000d9500000)
  from space 10752K, 51% used [0x00000000d9500000,0x00000000d9a714d0,0x00000000d9f80000)
  to   space 10752K, 0% used [0x00000000d9f80000,0x00000000d9f80000,0x00000000daa00000)
 ParOldGen       total 173568K, used 8K [0x0000000080000000, 0x000000008a980000, 0x00000000d5580000)
  object space 173568K, 0% used [0x0000000080000000,0x0000000080002000,0x000000008a980000)
 Metaspace       used 7422K, capacity 7638K, committed 7936K, reserved 1056768K
  class space    used 905K, capacity 973K, committed 1024K, reserved 1048576K
}
Event: 1.992 GC heap before
{Heap before GC invocations=2 (full 0):
 PSYoungGen      total 75776K, used 46575K [0x00000000d5580000, 0x00000000daa00000, 0x0000000100000000)
  eden space 65024K, 63% used [0x00000000d5580000,0x00000000d7d8aa50,0x00000000d9500000)
  from space 10752K, 51% used [0x00000000d9500000,0x00000000d9a714d0,0x00000000d9f80000)
  to   space 10752K, 0% used [0x00000000d9f80000,0x00000000d9f80000,0x00000000daa00000)
 ParOldGen       total 173568K, used 8K [0x0000000080000000, 0x000000008a980000, 0x00000000d5580000)
  object space 173568K, 0% used [0x0000000080000000,0x0000000080002000,0x000000008a980000)
 Metaspace       used 12430K, capacity 12762K, committed 12800K, reserved 1064960K
  class space    used 1669K, capacity 1781K, committed 1792K, reserved 1048576K
Event: 1.999 GC heap after
Heap after GC invocations=2 (full 0):
 PSYoungGen      total 75776K, used 6640K [0x00000000d5580000, 0x00000000daa00000, 0x0000000100000000)
  eden space 65024K, 0% used [0x00000000d5580000,0x00000000d5580000,0x00000000d9500000)
  from space 10752K, 61% used [0x00000000d9f80000,0x00000000da5fc010,0x00000000daa00000)
  to   space 10752K, 0% used [0x00000000d9500000,0x00000000d9500000,0x00000000d9f80000)
 ParOldGen       total 173568K, used 16K [0x0000000080000000, 0x000000008a980000, 0x00000000d5580000)
  object space 173568K, 0% used [0x0000000080000000,0x0000000080004000,0x000000008a980000)
 Metaspace       used 12430K, capacity 12762K, committed 12800K, reserved 1064960K
  class space    used 1669K, capacity 1781K, committed 1792K, reserved 1048576K
}
Event: 1.999 GC heap before
{Heap before GC invocations=3 (full 1):
 PSYoungGen      total 75776K, used 6640K [0x00000000d5580000, 0x00000000daa00000, 0x0000000100000000)
  eden space 65024K, 0% used [0x00000000d5580000,0x00000000d5580000,0x00000000d9500000)
  from space 10752K, 61% used [0x00000000d9f80000,0x00000000da5fc010,0x00000000daa00000)
  to   space 10752K, 0% used [0x00000000d9500000,0x00000000d9500000,0x00000000d9f80000)
 ParOldGen       total 173568K, used 16K [0x0000000080000000, 0x000000008a980000, 0x00000000d5580000)
  object space 173568K, 0% used [0x0000000080000000,0x0000000080004000,0x000000008a980000)
 Metaspace       used 12430K, capacity 12762K, committed 12800K, reserved 1064960K
  class space    used 1669K, capacity 1781K, committed 1792K, reserved 1048576K
Event: 2.024 GC heap after
Heap after GC invocations=3 (full 1):
 PSYoungGen      total 75776K, used 0K [0x00000000d5580000, 0x00000000daa00000, 0x0000000100000000)
  eden space 65024K, 0% used [0x00000000d5580000,0x00000000d5580000,0x00000000d9500000)
  from space 10752K, 0% used [0x00000000d9f80000,0x00000000d9f80000,0x00000000daa00000)
  to   space 10752K, 0% used [0x00000000d9500000,0x00000000d9500000,0x00000000d9f80000)
 ParOldGen       total 112128K, used 6394K [0x0000000080000000, 0x0000000086d80000, 0x00000000d5580000)
  object space 112128K, 5% used [0x0000000080000000,0x000000008063ea28,0x0000000086d80000)
 Metaspace       used 12430K, capacity 12762K, committed 12800K, reserved 1062912K
  class space    used 1669K, capacity 1781K, committed 1792K, reserved 1048576K
}

Deoptimization events (10 events):
Event: 2.197 Thread 0x000000001bbd6000 Uncommon trap: reason=class_check action=maybe_recompile pc=0x00000000037b0998 method=java.util.regex.Matcher.match(II)Z @ 86
Event: 2.211 Thread 0x000000001bbd6000 Uncommon trap: reason=class_check action=maybe_recompile pc=0x00000000037b0998 method=java.util.regex.Matcher.match(II)Z @ 86
Event: 2.211 Thread 0x000000001bbd6000 Uncommon trap: reason=class_check action=maybe_recompile pc=0x00000000037b0998 method=java.util.regex.Matcher.match(II)Z @ 86
Event: 2.211 Thread 0x000000001bbd6000 Uncommon trap: reason=class_check action=maybe_recompile pc=0x0000000003648f0c method=java.util.regex.Matcher.match(II)Z @ 86
Event: 2.284 Thread 0x000000001bbd6000 Uncommon trap: reason=unstable_if action=reinterpret pc=0x00000000037b699c method=java.io.File.getName()Ljava/lang/String; @ 16
Event: 3.017 Thread 0x000000001bbd6000 Uncommon trap: reason=unstable_if action=reinterpret pc=0x00000000037b5570 method=java.util.LinkedHashMap.afterNodeInsertion(Z)V @ 1
Event: 3.018 Thread 0x000000001bbd6000 Uncommon trap: reason=unstable_if action=reinterpret pc=0x00000000036f5484 method=java.util.HashMap.getNode(ILjava/lang/Object;)Ljava/util/HashMap$Node; @ 129
Event: 3.018 Thread 0x000000001bbd6000 Uncommon trap: reason=bimorphic action=maybe_recompile pc=0x0000000003953a08 method=java.util.HashMap.putVal(ILjava/lang/Object;Ljava/lang/Object;ZZ)Ljava/lang/Object; @ 203
Event: 3.020 Thread 0x000000001bbd6000 Uncommon trap: reason=unstable_if action=reinterpret pc=0x00000000036f44d0 method=java.util.HashMap.getNode(ILjava/lang/Object;)Ljava/util/HashMap$Node; @ 129
Event: 3.020 Thread 0x000000001bbd6000 Uncommon trap: reason=bimorphic action=maybe_recompile pc=0x0000000003953a08 method=java.util.HashMap.putVal(ILjava/lang/Object;Ljava/lang/Object;ZZ)Ljava/lang/Object; @ 203

Classes redefined (0 events):
No events

Internal exceptions (10 events):
Event: 1.920 Thread 0x000000001bb85800 Exception <a 'java/lang/NoSuchMethodError': <clinit>> (0x00000000d77c4f80) thrown at [C:\src\AOSP-openjdk-git\hotspot\src\share\vm\prims\jni.cpp, line 1615]
Event: 1.920 Thread 0x000000001bb85800 Exception <a 'java/lang/NoSuchMethodError': <clinit>> (0x00000000d77cdb20) thrown at [C:\src\AOSP-openjdk-git\hotspot\src\share\vm\prims\jni.cpp, line 1615]
Event: 1.922 Thread 0x000000001bb85800 Exception <a 'java/lang/NoSuchMethodError': <clinit>> (0x00000000d77e3e50) thrown at [C:\src\AOSP-openjdk-git\hotspot\src\share\vm\prims\jni.cpp, line 1615]
Event: 1.931 Thread 0x000000001bb85800 Exception <a 'java/lang/NoSuchMethodError': <clinit>> (0x00000000d785f8b0) thrown at [C:\src\AOSP-openjdk-git\hotspot\src\share\vm\prims\jni.cpp, line 1615]
Event: 1.934 Thread 0x000000001bb85800 Exception <a 'java/lang/NoSuchMethodError': <clinit>> (0x00000000d788efc0) thrown at [C:\src\AOSP-openjdk-git\hotspot\src\share\vm\prims\jni.cpp, line 1615]
Event: 1.939 Thread 0x000000001bb85800 Exception <a 'java/lang/NoSuchMethodError': <clinit>> (0x00000000d78bd588) thrown at [C:\src\AOSP-openjdk-git\hotspot\src\share\vm\prims\jni.cpp, line 1615]
Event: 1.941 Thread 0x000000001bb85800 Exception <a 'java/lang/NoSuchMethodError': <clinit>> (0x00000000d78c9a00) thrown at [C:\src\AOSP-openjdk-git\hotspot\src\share\vm\prims\jni.cpp, line 1615]
Event: 2.310 Thread 0x000000001bbd6000 Exception <a 'java/lang/NoSuchMethodError': java.lang.Object.lambda$and$0(Ljava/util/function/Predicate;Ljava/lang/Object;)Z> (0x00000000d76b0988) thrown at [C:\src\AOSP-openjdk-git\hotspot\src\share\vm\interpreter\linkResolver.cpp, line 620]
Event: 2.314 Thread 0x000000001bbd6000 Exception <a 'java/lang/IncompatibleClassChangeError': Found class java.lang.Object, but interface was expected> (0x00000000d76c0cb0) thrown at [C:\src\AOSP-openjdk-git\hotspot\src\share\vm\interpreter\linkResolver.cpp, line 653]
Event: 2.316 Thread 0x000000001bbd6000 Exception <a 'java/lang/NoSuchMethodError': java.lang.Object.lambda$or$2(Ljava/util/function/Predicate;Ljava/lang/Object;)Z> (0x00000000d76c5800) thrown at [C:\src\AOSP-openjdk-git\hotspot\src\share\vm\interpreter\linkResolver.cpp, line 620]

Events (10 events):
Event: 3.073 loading class org/gradle/internal/operations/BuildOperationQueue$QueueWorker
Event: 3.073 loading class org/gradle/internal/operations/BuildOperationQueue$QueueWorker done
Event: 3.073 loading class org/gradle/internal/operations/DefaultBuildOperationExecutor$BuildOperationState
Event: 3.073 loading class org/gradle/internal/operations/DefaultBuildOperationExecutor$BuildOperationState done
Event: 3.073 loading class org/gradle/internal/operations/DefaultBuildOperationExecutor$UnmanagedThreadOperation
Event: 3.073 loading class org/gradle/internal/operations/DefaultBuildOperationExecutor$UnmanagedThreadOperation done
Event: 3.074 loading class org/gradle/internal/operations/MultipleBuildOperationFailures
Event: 3.074 loading class org/gradle/internal/operations/MultipleBuildOperationFailures done
Event: 3.074 loading class org/gradle/internal/operations/DefaultBuildOperationQueueFactory
Event: 3.074 loading class org/gradle/internal/operations/DefaultBuildOperationQueueFactory done


Dynamic libraries:
0x00007ff73c140000 - 0x00007ff73c171000 	C:\Program Files\Android\Android Studio\jre\bin\java.exe
0x00007ffcf7e20000 - 0x00007ffcf8010000 	C:\WINDOWS\SYSTEM32\ntdll.dll
0x00007ffcf67c0000 - 0x00007ffcf6872000 	C:\WINDOWS\System32\KERNEL32.DLL
0x00007ffcf5230000 - 0x00007ffcf54d5000 	C:\WINDOWS\System32\KERNELBASE.dll
0x00007ffcf7300000 - 0x00007ffcf73a3000 	C:\WINDOWS\System32\ADVAPI32.dll
0x00007ffcf66c0000 - 0x00007ffcf675e000 	C:\WINDOWS\System32\msvcrt.dll
0x00007ffcf70c0000 - 0x00007ffcf7157000 	C:\WINDOWS\System32\sechost.dll
0x00007ffcf63f0000 - 0x00007ffcf650f000 	C:\WINDOWS\System32\RPCRT4.dll
0x00007ffcf7160000 - 0x00007ffcf72f4000 	C:\WINDOWS\System32\USER32.dll
0x00007ffcf5e60000 - 0x00007ffcf5e81000 	C:\WINDOWS\System32\win32u.dll
0x00007ffcf5f30000 - 0x00007ffcf5f56000 	C:\WINDOWS\System32\GDI32.dll
0x00007ffcf5c60000 - 0x00007ffcf5df8000 	C:\WINDOWS\System32\gdi32full.dll
0x00007ffcf5e90000 - 0x00007ffcf5f2e000 	C:\WINDOWS\System32\msvcp_win.dll
0x00007ffcf4df0000 - 0x00007ffcf4eea000 	C:\WINDOWS\System32\ucrtbase.dll
0x00007ffcd79a0000 - 0x00007ffcd7c24000 	C:\WINDOWS\WinSxS\amd64_microsoft.windows.common-controls_6595b64144ccf1df_6.0.18362.1500_none_9e79be6de462295c\COMCTL32.dll
0x00007ffcf6010000 - 0x00007ffcf6346000 	C:\WINDOWS\System32\combase.dll
0x00007ffcf4ef0000 - 0x00007ffcf4f71000 	C:\WINDOWS\System32\bcryptPrimitives.dll
0x00007ffcf73c0000 - 0x00007ffcf73ee000 	C:\WINDOWS\System32\IMM32.DLL
0x0000000053b60000 - 0x0000000053c32000 	C:\Program Files\Android\Android Studio\jre\jre\bin\msvcr100.dll
0x0000000053c40000 - 0x000000005448b000 	C:\Program Files\Android\Android Studio\jre\jre\bin\server\jvm.dll
0x00007ffcf73b0000 - 0x00007ffcf73b8000 	C:\WINDOWS\System32\PSAPI.DLL
0x00007ffcf0cb0000 - 0x00007ffcf0cb9000 	C:\WINDOWS\SYSTEM32\WSOCK32.dll
0x00007ffce70a0000 - 0x00007ffce70c4000 	C:\WINDOWS\SYSTEM32\WINMM.dll
0x00007ffcf7470000 - 0x00007ffcf74df000 	C:\WINDOWS\System32\WS2_32.dll
0x00007ffcf0820000 - 0x00007ffcf082a000 	C:\WINDOWS\SYSTEM32\VERSION.dll
0x00007ffce7070000 - 0x00007ffce709d000 	C:\WINDOWS\SYSTEM32\WINMMBASE.dll
0x00007ffcf4fd0000 - 0x00007ffcf501a000 	C:\WINDOWS\System32\cfgmgr32.dll
0x00007ffcf0ca0000 - 0x00007ffcf0caf000 	C:\Program Files\Android\Android Studio\jre\jre\bin\verify.dll
0x00007ffceb070000 - 0x00007ffceb099000 	C:\Program Files\Android\Android Studio\jre\jre\bin\java.dll
0x00007ffcf0240000 - 0x00007ffcf0256000 	C:\Program Files\Android\Android Studio\jre\jre\bin\zip.dll
0x00007ffcf75b0000 - 0x00007ffcf7c98000 	C:\WINDOWS\System32\SHELL32.dll
0x00007ffcf69e0000 - 0x00007ffcf6a87000 	C:\WINDOWS\System32\shcore.dll
0x00007ffcf54e0000 - 0x00007ffcf5c5b000 	C:\WINDOWS\System32\windows.storage.dll
0x00007ffcf4d60000 - 0x00007ffcf4d7e000 	C:\WINDOWS\System32\profapi.dll
0x00007ffcf4d80000 - 0x00007ffcf4dca000 	C:\WINDOWS\System32\powrprof.dll
0x00007ffcf4d30000 - 0x00007ffcf4d40000 	C:\WINDOWS\System32\UMPDC.dll
0x00007ffcf6760000 - 0x00007ffcf67b2000 	C:\WINDOWS\System32\shlwapi.dll
0x00007ffcf4d40000 - 0x00007ffcf4d51000 	C:\WINDOWS\System32\kernel.appcore.dll
0x00007ffcf4fb0000 - 0x00007ffcf4fc7000 	C:\WINDOWS\System32\cryptsp.dll
0x00007ffce6df0000 - 0x00007ffce6e0a000 	C:\Program Files\Android\Android Studio\jre\jre\bin\net.dll
0x00007ffcf4510000 - 0x00007ffcf4577000 	C:\WINDOWS\system32\mswsock.dll
0x00007ffce6b90000 - 0x00007ffce6ba3000 	C:\Program Files\Android\Android Studio\jre\jre\bin\nio.dll
0x00007ffcd89d0000 - 0x00007ffcd89f7000 	C:\Users\admin\.gradle\native\f6784746aeab05261644944871eae4fe03e0ef1612fff0a4a95f87b438bc6780\windows-amd64\native-platform.dll
0x00007ffcf0c70000 - 0x00007ffcf0c7d000 	C:\Program Files\Android\Android Studio\jre\jre\bin\management.dll
0x00007ffcf4090000 - 0x00007ffcf40c3000 	C:\WINDOWS\system32\rsaenh.dll
0x00007ffcf4f80000 - 0x00007ffcf4fa6000 	C:\WINDOWS\System32\bcrypt.dll
0x00007ffcf4c50000 - 0x00007ffcf4c75000 	C:\WINDOWS\SYSTEM32\USERENV.dll
0x00007ffcf46e0000 - 0x00007ffcf46ec000 	C:\WINDOWS\SYSTEM32\CRYPTBASE.dll
0x00007ffcf4220000 - 0x00007ffcf425a000 	C:\WINDOWS\SYSTEM32\IPHLPAPI.DLL
0x00007ffcf63d0000 - 0x00007ffcf63d8000 	C:\WINDOWS\System32\NSI.dll
0x00007ffceedd0000 - 0x00007ffceede6000 	C:\WINDOWS\SYSTEM32\dhcpcsvc6.DLL
0x00007ffceef00000 - 0x00007ffceef1c000 	C:\WINDOWS\SYSTEM32\dhcpcsvc.DLL
0x00007ffcf4260000 - 0x00007ffcf432b000 	C:\WINDOWS\SYSTEM32\DNSAPI.dll
0x00007ffcef200000 - 0x00007ffcef20b000 	C:\WINDOWS\SYSTEM32\WINNSI.DLL

VM Arguments:
jvm_args: -Xmx2048m -Dfile.encoding=UTF-8 -Duser.country=US -Duser.language=en -Duser.variant 
java_command: org.gradle.launcher.daemon.bootstrap.GradleDaemon 6.5
java_class_path (initial): C:\Users\admin\.gradle\wrapper\dists\gradle-6.5-bin\6nifqtx7604sqp1q6g8wikw7p\gradle-6.5\lib\gradle-launcher-6.5.jar
Launcher Type: SUN_STANDARD

Environment Variables:
PATH=C:\WINDOWS\system32;C:\WINDOWS;C:\WINDOWS\System32\Wbem;C:\WINDOWS\System32\WindowsPowerShell\v1.0\;C:\WINDOWS\System32\OpenSSH\;C:\Program Files\Git\cmd;C:\Users\admin\Anaconda3;C:\Users\admin\Anaconda3\Library\mingw-w64\bin;C:\Users\admin\Anaconda3\Library\usr\bin;C:\Users\admin\Anaconda3\Library\bin;C:\Users\admin\Anaconda3\Scripts;C:\Users\admin\AppData\Local\Microsoft\WindowsApps;
USERNAME=admin
OS=Windows_NT
PROCESSOR_IDENTIFIER=Intel64 Family 6 Model 142 Stepping 9, GenuineIntel



---------------  S Y S T E M  ---------------

OS: Windows 10.0 , 64 bit Build 18362 (10.0.18362.1500)

CPU:total 4 (initial active 4) (2 cores per cpu, 2 threads per core) family 6 model 142 stepping 9, cmov, cx8, fxsr, mmx, sse, sse2, sse3, ssse3, sse4.1, sse4.2, popcnt, avx, avx2, aes, clmul, erms, 3dnowpref, lzcnt, ht, tsc, tscinvbit, bmi1, bmi2, adx

Memory: 4k page, physical 16642280k(528948k free), swap 48569828k(5192k free)

vm_info: OpenJDK 64-Bit Server VM (25.242-b01) for windows-amd64 JRE (1.8.0_242-release-1644-b01), built by "builder" with MS VC++ 10.0 (VS2010)

time: Mon Apr 19 11:51:11 2021
timezone: India Standard Time
elapsed time: 3 seconds (0d 0h 0m 3s)

