#
# There is insufficient memory for the Java Runtime Environment to continue.
# Native memory allocation (malloc) failed to allocate 33392 bytes for Chunk::new
# Possible reasons:
#   The system is out of physical RAM or swap space
#   The process is running with CompressedOops enabled, and the Java Heap may be blocking the growth of the native heap
# Possible solutions:
#   Reduce memory load on the system
#   Increase physical memory or swap space
#   Check if swap backing store is full
#   Decrease Java heap size (-Xmx/-Xms)
#   Decrease number of Java threads
#   Decrease Java thread stack sizes (-Xss)
#   Set larger code cache with -XX:ReservedCodeCacheSize=
#   JVM is running with Unscaled Compressed Oops mode in which the Java heap is
#     placed in the first 4GB address space. The Java Heap base address is the
#     maximum limit for the native heap growth. Please use -XX:HeapBaseMinAddress
#     to set the Java Heap base and to place the Java Heap above 4GB virtual address.
# This output file may be truncated or incomplete.
#
#  Out of Memory Error (allocation.cpp:389), pid=9608, tid=0x0000000000001624
#
# JRE version: OpenJDK Runtime Environment (8.0_242-b01) (build 1.8.0_242-release-1644-b01)
# Java VM: OpenJDK 64-Bit Server VM (25.242-b01 mixed mode windows-amd64 compressed oops)
# Failed to write core dump. Minidumps are not enabled by default on client versions of Windows
#

---------------  T H R E A D  ---------------

Current thread (0x0000000017f2d000):  JavaThread "C2 CompilerThread1" daemon [_thread_in_native, id=5668, stack(0x00000000197a0000,0x00000000198a0000)]

Stack: [0x00000000197a0000,0x00000000198a0000]
[error occurred during error reporting (printing stack bounds), id 0xc0000005]

Native frames: (J=compiled Java code, j=interpreted, Vv=VM code, C=native code)


Current CompileTask:
C2:   9518 2313       4       jdk.internal.org.objectweb.asm.Item::isEqualTo (354 bytes)


---------------  P R O C E S S  ---------------

Java Threads: ( => current thread )
  0x000000001c204000 JavaThread "Cache worker for execution history cache (C:\Users\user\.gradle\caches\6.5\executionHistory)" [_thread_blocked, id=16040, stack(0x0000000022860000,0x0000000022960000)]
  0x000000001c1ff000 JavaThread "Cache worker for cache directory md-rule (C:\Users\user\.gradle\caches\6.5\md-rule)" [_thread_blocked, id=7680, stack(0x0000000022560000,0x0000000022660000)]
  0x0000000019ca6000 JavaThread "Cache worker for cache directory md-supplier (C:\Users\user\.gradle\caches\6.5\md-supplier)" [_thread_blocked, id=11072, stack(0x0000000022460000,0x0000000022560000)]
  0x0000000019ca4800 JavaThread "Cache worker for checksums cache (F:\Work_Content\PSTP 2020-2021\Hello World\.gradle\checksums)" [_thread_blocked, id=14936, stack(0x0000000022360000,0x0000000022460000)]
  0x0000000019ca3800 JavaThread "jar transforms Thread 25" [_thread_blocked, id=15304, stack(0x0000000022060000,0x0000000022160000)]
  0x0000000019ca0000 JavaThread "jar transforms Thread 24" [_thread_blocked, id=16144, stack(0x0000000021f60000,0x0000000022060000)]
  0x0000000019ca0800 JavaThread "jar transforms Thread 23" [_thread_blocked, id=15756, stack(0x0000000021e60000,0x0000000021f60000)]
  0x0000000019ca2000 JavaThread "jar transforms Thread 22" [_thread_blocked, id=12272, stack(0x0000000021d60000,0x0000000021e60000)]
  0x0000000019ca3000 JavaThread "jar transforms Thread 21" [_thread_blocked, id=14704, stack(0x0000000021c60000,0x0000000021d60000)]
  0x0000000019ca5000 JavaThread "jar transforms Thread 20" [_thread_blocked, id=12112, stack(0x0000000021b60000,0x0000000021c60000)]
  0x0000000019c9b800 JavaThread "jar transforms Thread 19" [_thread_blocked, id=14816, stack(0x0000000021960000,0x0000000021a60000)]
  0x0000000019c9e800 JavaThread "jar transforms Thread 18" [_thread_blocked, id=15324, stack(0x0000000021860000,0x0000000021960000)]
  0x0000000019c9d800 JavaThread "jar transforms Thread 17" [_thread_blocked, id=14684, stack(0x0000000021760000,0x0000000021860000)]
  0x0000000019ca1800 JavaThread "jar transforms Thread 16" [_thread_blocked, id=6700, stack(0x0000000021660000,0x0000000021760000)]
  0x0000000019c9d000 JavaThread "jar transforms Thread 15" [_thread_blocked, id=15096, stack(0x0000000021560000,0x0000000021660000)]
  0x0000000019c9f000 JavaThread "jar transforms Thread 14" [_thread_blocked, id=15092, stack(0x0000000021460000,0x0000000021560000)]
  0x0000000019c97000 JavaThread "jar transforms Thread 13" [_thread_blocked, id=832, stack(0x0000000021360000,0x0000000021460000)]
  0x0000000019c9a000 JavaThread "jar transforms Thread 12" [_thread_blocked, id=13028, stack(0x0000000021260000,0x0000000021360000)]
  0x0000000019c9a800 JavaThread "jar transforms Thread 11" [_thread_blocked, id=4620, stack(0x0000000021160000,0x0000000021260000)]
  0x0000000019c9c000 JavaThread "jar transforms Thread 10" [_thread_blocked, id=6160, stack(0x0000000021060000,0x0000000021160000)]
  0x0000000019c99000 JavaThread "jar transforms Thread 9" [_thread_blocked, id=14528, stack(0x0000000020f60000,0x0000000021060000)]
  0x0000000019c97800 JavaThread "jar transforms Thread 8" [_thread_blocked, id=16368, stack(0x0000000020e60000,0x0000000020f60000)]
  0x0000000019c98800 JavaThread "jar transforms Thread 7" [_thread_blocked, id=11684, stack(0x0000000020d60000,0x0000000020e60000)]
  0x0000000017f37800 JavaThread "jar transforms Thread 6" [_thread_blocked, id=15296, stack(0x0000000020c60000,0x0000000020d60000)]
  0x0000000017f36000 JavaThread "jar transforms Thread 5" [_thread_blocked, id=11996, stack(0x0000000020b60000,0x0000000020c60000)]
  0x0000000017f35800 JavaThread "jar transforms Thread 4" [_thread_blocked, id=5692, stack(0x0000000020a60000,0x0000000020b60000)]
  0x0000000017f3c000 JavaThread "jar transforms Thread 3" [_thread_blocked, id=2052, stack(0x000000001f6b0000,0x000000001f7b0000)]
  0x0000000017f3b800 JavaThread "jar transforms Thread 2" [_thread_blocked, id=16296, stack(0x000000001f300000,0x000000001f400000)]
  0x0000000017f37000 JavaThread "jar transforms" [_thread_blocked, id=13532, stack(0x000000001f200000,0x000000001f300000)]
  0x0000000017f39000 JavaThread "Cache worker for file hash cache (F:\Work_Content\PSTP 2020-2021\Hello World\.gradle\6.5\fileHashes)" [_thread_blocked, id=5196, stack(0x000000001f100000,0x000000001f200000)]
  0x0000000017f3a800 JavaThread "Cache worker for file hash cache (C:\Users\user\.gradle\caches\6.5\fileHashes)" [_thread_blocked, id=14096, stack(0x000000001e030000,0x000000001e130000)]
  0x0000000017f3a000 JavaThread "File lock request listener" [_thread_in_native, id=14792, stack(0x000000001df30000,0x000000001e030000)]
  0x000000001bd4a000 JavaThread "Cache worker for journal cache (C:\Users\user\.gradle\caches\journal-1)" [_thread_blocked, id=11564, stack(0x000000001de30000,0x000000001df30000)]
  0x000000001bdab800 JavaThread "Thread-9" [_thread_blocked, id=10528, stack(0x000000001db30000,0x000000001dc30000)]
  0x000000001bdab000 JavaThread "Stdin handler" [_thread_blocked, id=11800, stack(0x000000001da30000,0x000000001db30000)]
  0x000000001bc5f800 JavaThread "Asynchronous log dispatcher for DefaultDaemonConnection: socket connection from /127.0.0.1:58653 to /127.0.0.1:58654" [_thread_blocked, id=14156, stack(0x000000001d930000,0x000000001da30000)]
  0x0000000019d40800 JavaThread "Daemon worker" [_thread_in_vm, id=9296, stack(0x000000001d830000,0x000000001d930000)]
  0x000000001bc54000 JavaThread "Cancel handler" [_thread_blocked, id=2396, stack(0x000000001d730000,0x000000001d830000)]
  0x000000001bc44000 JavaThread "Handler for socket connection from /127.0.0.1:58653 to /127.0.0.1:58654" [_thread_in_native, id=16172, stack(0x000000001d630000,0x000000001d730000)]
  0x000000001bc4e800 JavaThread "Daemon" [_thread_blocked, id=5016, stack(0x000000001d530000,0x000000001d630000)]
  0x000000001bc4c000 JavaThread "Daemon periodic checks" [_thread_blocked, id=8976, stack(0x000000001d230000,0x000000001d330000)]
  0x000000001bbc5800 JavaThread "Incoming local TCP Connector on port 58653" [_thread_in_native, id=1368, stack(0x000000001cff0000,0x000000001d0f0000)]
  0x000000001bae4800 JavaThread "Daemon health stats" [_thread_blocked, id=15888, stack(0x000000001c9b0000,0x000000001cab0000)]
  0x00000000199d8800 JavaThread "Service Thread" daemon [_thread_blocked, id=10272, stack(0x0000000019da0000,0x0000000019ea0000)]
  0x0000000017f38800 JavaThread "C1 CompilerThread2" daemon [_thread_blocked, id=2392, stack(0x00000000198a0000,0x00000000199a0000)]
=>0x0000000017f2d000 JavaThread "C2 CompilerThread1" daemon [_thread_in_native, id=5668, stack(0x00000000197a0000,0x00000000198a0000)]
  0x0000000017f26800 JavaThread "C2 CompilerThread0" daemon [_thread_blocked, id=6556, stack(0x00000000196a0000,0x00000000197a0000)]
  0x0000000017f24800 JavaThread "Attach Listener" daemon [_thread_blocked, id=4024, stack(0x00000000195a0000,0x00000000196a0000)]
  0x0000000017f21800 JavaThread "Signal Dispatcher" daemon [_thread_blocked, id=7208, stack(0x00000000194a0000,0x00000000195a0000)]
  0x000000000323c800 JavaThread "Finalizer" daemon [_thread_blocked, id=2428, stack(0x00000000191a0000,0x00000000192a0000)]
  0x0000000017f09800 JavaThread "Reference Handler" daemon [_thread_blocked, id=8972, stack(0x00000000190a0000,0x00000000191a0000)]
  0x00000000032fe000 JavaThread "main" [_thread_blocked, id=7900, stack(0x0000000002fd0000,0x00000000030d0000)]

Other Threads:
  0x0000000017ee7000 VMThread [stack: 0x0000000018fa0000,0x00000000190a0000] [id=4332]
  0x0000000017f74000 WatcherThread [stack: 0x0000000019ea0000,0x0000000019fa0000] [id=9324]

VM state:not at safepoint (normal execution)

VM Mutex/Monitor currently owned by a thread: None

OutOfMemory and StackOverflow Exception counts:
OutOfMemoryError java_heap_errors=1

heap address: 0x0000000080000000, size: 2048 MB, Compressed Oops mode: 32-bit
Narrow klass base: 0x0000000000000000, Narrow klass shift: 3
Compressed class space size: 1073741824 Address: 0x0000000100000000

Heap:
 PSYoungGen      total 37888K, used 33675K [0x00000000d5580000, 0x00000000d8980000, 0x0000000100000000)
  eden space 32768K, 94% used [0x00000000d5580000,0x00000000d73b3de8,0x00000000d7580000)
  from space 5120K, 53% used [0x00000000d7600000,0x00000000d78af050,0x00000000d7b00000)
  to   space 10240K, 0% used [0x00000000d7f80000,0x00000000d7f80000,0x00000000d8980000)
 ParOldGen       total 64512K, used 9114K [0x0000000080000000, 0x0000000083f00000, 0x00000000d5580000)
  object space 64512K, 14% used [0x0000000080000000,0x00000000808e6a10,0x0000000083f00000)
 Metaspace       used 24949K, capacity 25950K, committed 26112K, reserved 1073152K
  class space    used 3568K, capacity 3817K, committed 3840K, reserved 1048576K

Card table byte_map: [0x00000000126c0000,0x0000000012ad0000] byte_map_base: 0x00000000122c0000

Marking Bits: (ParMarkBitMap*) 0x0000000054e5f030
 Begin Bits: [0x0000000013180000, 0x0000000015180000)
 End Bits:   [0x0000000015180000, 0x0000000017180000)

Polling page: 0x0000000001690000

CodeCache: size=245760Kb used=7877Kb max_used=7909Kb free=237882Kb
 bounds [0x0000000003300000, 0x0000000003ac0000, 0x0000000012300000]
 total_blobs=2732 nmethods=2290 adapters=355
 compilation: enabled

Compilation events (10 events):
Event: 9.424 Thread 0x0000000017f38800 nmethod 2312 0x0000000003ab6ed0 code [0x0000000003ab7040, 0x0000000003ab72a8]
Event: 9.424 Thread 0x0000000017f38800 2311       1       java.lang.invoke.InnerClassLambdaMetafactory::access$700 (5 bytes)
Event: 9.424 Thread 0x0000000017f38800 nmethod 2311 0x0000000003ab5750 code [0x0000000003ab58a0, 0x0000000003ab5990]
Event: 9.424 Thread 0x0000000017f2d000 2313       4       jdk.internal.org.objectweb.asm.Item::isEqualTo (354 bytes)
Event: 9.425 Thread 0x0000000017f38800 2314       3       java.lang.invoke.InvokerBytecodeGenerator::emitReferenceCast (184 bytes)
Event: 9.426 Thread 0x0000000017f38800 nmethod 2314 0x0000000003ab7390 code [0x0000000003ab7620, 0x0000000003ab8608]
Event: 9.426 Thread 0x0000000017f38800 2315       3       java.io.File::getName (42 bytes)
Event: 9.427 Thread 0x0000000017f38800 nmethod 2315 0x0000000003ab8c10 code [0x0000000003ab8da0, 0x0000000003ab9268]
Event: 9.435 Thread 0x0000000017f38800 2316       3       java.util.concurrent.locks.AbstractQueuedSynchronizer$ConditionObject::awaitNanos (156 bytes)
Event: 9.437 Thread 0x0000000017f38800 nmethod 2316 0x0000000003ab9410 code [0x0000000003ab9720, 0x0000000003abae38]

GC Heap History (10 events):
Event: 4.134 GC heap before
{Heap before GC invocations=4 (full 0):
 PSYoungGen      total 38400K, used 38337K [0x00000000d5580000, 0x00000000d8000000, 0x0000000100000000)
  eden space 33280K, 99% used [0x00000000d5580000,0x00000000d75f46f0,0x00000000d7600000)
  from space 5120K, 99% used [0x00000000d7600000,0x00000000d7afc030,0x00000000d7b00000)
  to   space 5120K, 0% used [0x00000000d7b00000,0x00000000d7b00000,0x00000000d8000000)
 ParOldGen       total 87552K, used 1120K [0x0000000080000000, 0x0000000085580000, 0x00000000d5580000)
  object space 87552K, 1% used [0x0000000080000000,0x00000000801181b0,0x0000000085580000)
 Metaspace       used 14707K, capacity 15230K, committed 15488K, reserved 1062912K
  class space    used 2006K, capacity 2165K, committed 2176K, reserved 1048576K
Event: 4.145 GC heap after
Heap after GC invocations=4 (full 0):
 PSYoungGen      total 38400K, used 5119K [0x00000000d5580000, 0x00000000d8000000, 0x0000000100000000)
  eden space 33280K, 0% used [0x00000000d5580000,0x00000000d5580000,0x00000000d7600000)
  from space 5120K, 99% used [0x00000000d7b00000,0x00000000d7fffc30,0x00000000d8000000)
  to   space 5120K, 0% used [0x00000000d7600000,0x00000000d7600000,0x00000000d7b00000)
 ParOldGen       total 87552K, used 3713K [0x0000000080000000, 0x0000000085580000, 0x00000000d5580000)
  object space 87552K, 4% used [0x0000000080000000,0x00000000803a05c8,0x0000000085580000)
 Metaspace       used 14707K, capacity 15230K, committed 15488K, reserved 1062912K
  class space    used 2006K, capacity 2165K, committed 2176K, reserved 1048576K
}
Event: 5.178 GC heap before
{Heap before GC invocations=5 (full 0):
 PSYoungGen      total 38400K, used 38399K [0x00000000d5580000, 0x00000000d8000000, 0x0000000100000000)
  eden space 33280K, 100% used [0x00000000d5580000,0x00000000d7600000,0x00000000d7600000)
  from space 5120K, 99% used [0x00000000d7b00000,0x00000000d7fffc30,0x00000000d8000000)
  to   space 5120K, 0% used [0x00000000d7600000,0x00000000d7600000,0x00000000d7b00000)
 ParOldGen       total 87552K, used 3713K [0x0000000080000000, 0x0000000085580000, 0x00000000d5580000)
  object space 87552K, 4% used [0x0000000080000000,0x00000000803a05c8,0x0000000085580000)
 Metaspace       used 17675K, capacity 18310K, committed 18560K, reserved 1064960K
  class space    used 2418K, capacity 2639K, committed 2688K, reserved 1048576K
Event: 5.190 GC heap after
Heap after GC invocations=5 (full 0):
 PSYoungGen      total 37888K, used 5104K [0x00000000d5580000, 0x00000000d8980000, 0x0000000100000000)
  eden space 32768K, 0% used [0x00000000d5580000,0x00000000d5580000,0x00000000d7580000)
  from space 5120K, 99% used [0x00000000d7600000,0x00000000d7afc010,0x00000000d7b00000)
  to   space 10240K, 0% used [0x00000000d7f80000,0x00000000d7f80000,0x00000000d8980000)
 ParOldGen       total 87552K, used 6569K [0x0000000080000000, 0x0000000085580000, 0x00000000d5580000)
  object space 87552K, 7% used [0x0000000080000000,0x000000008066a5a8,0x0000000085580000)
 Metaspace       used 17675K, capacity 18310K, committed 18560K, reserved 1064960K
  class space    used 2418K, capacity 2639K, committed 2688K, reserved 1048576K
}
Event: 6.125 GC heap before
{Heap before GC invocations=6 (full 0):
 PSYoungGen      total 37888K, used 35641K [0x00000000d5580000, 0x00000000d8980000, 0x0000000100000000)
  eden space 32768K, 93% used [0x00000000d5580000,0x00000000d7352600,0x00000000d7580000)
  from space 5120K, 99% used [0x00000000d7600000,0x00000000d7afc010,0x00000000d7b00000)
  to   space 10240K, 0% used [0x00000000d7f80000,0x00000000d7f80000,0x00000000d8980000)
 ParOldGen       total 87552K, used 6569K [0x0000000080000000, 0x0000000085580000, 0x00000000d5580000)
  object space 87552K, 7% used [0x0000000080000000,0x000000008066a5a8,0x0000000085580000)
 Metaspace       used 20484K, capacity 21154K, committed 21248K, reserved 1067008K
  class space    used 2857K, capacity 3035K, committed 3072K, reserved 1048576K
Event: 6.147 GC heap after
Heap after GC invocations=6 (full 0):
 PSYoungGen      total 43008K, used 8574K [0x00000000d5580000, 0x00000000d8980000, 0x0000000100000000)
  eden space 32768K, 0% used [0x00000000d5580000,0x00000000d5580000,0x00000000d7580000)
  from space 10240K, 83% used [0x00000000d7f80000,0x00000000d87df840,0x00000000d8980000)
  to   space 5120K, 0% used [0x00000000d7600000,0x00000000d7600000,0x00000000d7b00000)
 ParOldGen       total 87552K, used 6577K [0x0000000080000000, 0x0000000085580000, 0x00000000d5580000)
  object space 87552K, 7% used [0x0000000080000000,0x000000008066c5a8,0x0000000085580000)
 Metaspace       used 20484K, capacity 21154K, committed 21248K, reserved 1067008K
  class space    used 2857K, capacity 3035K, committed 3072K, reserved 1048576K
}
Event: 6.147 GC heap before
{Heap before GC invocations=7 (full 1):
 PSYoungGen      total 43008K, used 8574K [0x00000000d5580000, 0x00000000d8980000, 0x0000000100000000)
  eden space 32768K, 0% used [0x00000000d5580000,0x00000000d5580000,0x00000000d7580000)
  from space 10240K, 83% used [0x00000000d7f80000,0x00000000d87df840,0x00000000d8980000)
  to   space 5120K, 0% used [0x00000000d7600000,0x00000000d7600000,0x00000000d7b00000)
 ParOldGen       total 87552K, used 6577K [0x0000000080000000, 0x0000000085580000, 0x00000000d5580000)
  object space 87552K, 7% used [0x0000000080000000,0x000000008066c5a8,0x0000000085580000)
 Metaspace       used 20484K, capacity 21154K, committed 21248K, reserved 1067008K
  class space    used 2857K, capacity 3035K, committed 3072K, reserved 1048576K
Event: 6.244 GC heap after
Heap after GC invocations=7 (full 1):
 PSYoungGen      total 43008K, used 0K [0x00000000d5580000, 0x00000000d8980000, 0x0000000100000000)
  eden space 32768K, 0% used [0x00000000d5580000,0x00000000d5580000,0x00000000d7580000)
  from space 10240K, 0% used [0x00000000d7f80000,0x00000000d7f80000,0x00000000d8980000)
  to   space 5120K, 0% used [0x00000000d7600000,0x00000000d7600000,0x00000000d7b00000)
 ParOldGen       total 64512K, used 9114K [0x0000000080000000, 0x0000000083f00000, 0x00000000d5580000)
  object space 64512K, 14% used [0x0000000080000000,0x00000000808e6a10,0x0000000083f00000)
 Metaspace       used 20484K, capacity 21154K, committed 21248K, reserved 1067008K
  class space    used 2857K, capacity 3035K, committed 3072K, reserved 1048576K
}
Event: 8.317 GC heap before
{Heap before GC invocations=8 (full 1):
 PSYoungGen      total 43008K, used 32768K [0x00000000d5580000, 0x00000000d8980000, 0x0000000100000000)
  eden space 32768K, 100% used [0x00000000d5580000,0x00000000d7580000,0x00000000d7580000)
  from space 10240K, 0% used [0x00000000d7f80000,0x00000000d7f80000,0x00000000d8980000)
  to   space 5120K, 0% used [0x00000000d7600000,0x00000000d7600000,0x00000000d7b00000)
 ParOldGen       total 64512K, used 9114K [0x0000000080000000, 0x0000000083f00000, 0x00000000d5580000)
  object space 64512K, 14% used [0x0000000080000000,0x00000000808e6a10,0x0000000083f00000)
 Metaspace       used 22145K, capacity 23074K, committed 23168K, reserved 1069056K
  class space    used 3128K, capacity 3385K, committed 3456K, reserved 1048576K
Event: 8.321 GC heap after
Heap after GC invocations=8 (full 1):
 PSYoungGen      total 37888K, used 2748K [0x00000000d5580000, 0x00000000d8980000, 0x0000000100000000)
  eden space 32768K, 0% used [0x00000000d5580000,0x00000000d5580000,0x00000000d7580000)
  from space 5120K, 53% used [0x00000000d7600000,0x00000000d78af050,0x00000000d7b00000)
  to   space 10240K, 0% used [0x00000000d7f80000,0x00000000d7f80000,0x00000000d8980000)
 ParOldGen       total 64512K, used 9114K [0x0000000080000000, 0x0000000083f00000, 0x00000000d5580000)
  object space 64512K, 14% used [0x0000000080000000,0x00000000808e6a10,0x0000000083f00000)
 Metaspace       used 22145K, capacity 23074K, committed 23168K, reserved 1069056K
  class space    used 3128K, capacity 3385K, committed 3456K, reserved 1048576K
}

Deoptimization events (10 events):
Event: 6.411 Thread 0x0000000019d40800 Uncommon trap: reason=bimorphic action=maybe_recompile pc=0x0000000003874108 method=java.lang.ClassLoader.getPackage(Ljava/lang/String;)Ljava/lang/Package; @ 47
Event: 6.424 Thread 0x0000000019d40800 Uncommon trap: reason=bimorphic action=maybe_recompile pc=0x0000000003817744 method=java.lang.ClassLoader.loadClass(Ljava/lang/String;Z)Ljava/lang/Class; @ 38
Event: 6.426 Thread 0x0000000019d40800 Uncommon trap: reason=bimorphic action=maybe_recompile pc=0x0000000003817744 method=java.lang.ClassLoader.loadClass(Ljava/lang/String;Z)Ljava/lang/Class; @ 38
Event: 6.427 Thread 0x0000000019d40800 Uncommon trap: reason=bimorphic action=maybe_recompile pc=0x0000000003817744 method=java.lang.ClassLoader.loadClass(Ljava/lang/String;Z)Ljava/lang/Class; @ 38
Event: 6.430 Thread 0x0000000019d40800 Uncommon trap: reason=unstable_if action=reinterpret pc=0x0000000003873d74 method=java.net.URLClassLoader.getAndVerifyPackage(Ljava/lang/String;Ljava/util/jar/Manifest;Ljava/net/URL;)Ljava/lang/Package; @ 62
Event: 6.432 Thread 0x0000000019d40800 Uncommon trap: reason=bimorphic action=maybe_recompile pc=0x0000000003904bf0 method=java.lang.ClassLoader.getPackage(Ljava/lang/String;)Ljava/lang/Package; @ 47
Event: 6.445 Thread 0x0000000019d40800 Uncommon trap: reason=unstable_if action=reinterpret pc=0x000000000390472c method=java.net.URLClassLoader.getAndVerifyPackage(Ljava/lang/String;Ljava/util/jar/Manifest;Ljava/net/URL;)Ljava/lang/Package; @ 62
Event: 7.710 Thread 0x0000000019d40800 Uncommon trap: reason=unstable_if action=reinterpret pc=0x0000000003935920 method=java.util.HashMap.hash(Ljava/lang/Object;)I @ 1
Event: 7.857 Thread 0x0000000019d40800 Uncommon trap: reason=unstable_if action=reinterpret pc=0x000000000392b07c method=jdk.internal.org.objectweb.asm.Type.getArgumentsAndReturnSizes(Ljava/lang/String;)I @ 88
Event: 8.450 Thread 0x0000000019d40800 Uncommon trap: reason=unstable_if action=reinterpret pc=0x00000000036086cc method=java.io.WinNTFileSystem.resolve(Ljava/lang/String;Ljava/lang/String;)Ljava/lang/String; @ 49

Classes redefined (0 events):
No events

Internal exceptions (10 events):
Event: 7.354 Thread 0x0000000019d40800 Exception <a 'java/lang/NoSuchMethodError': <clinit>> (0x00000000d5fa7960) thrown at [C:\src\AOSP-openjdk-git\hotspot\src\share\vm\prims\jni.cpp, line 1615]
Event: 7.355 Thread 0x0000000019d40800 Exception <a 'java/lang/NoSuchMethodError': <clinit>> (0x00000000d5fa8ff8) thrown at [C:\src\AOSP-openjdk-git\hotspot\src\share\vm\prims\jni.cpp, line 1615]
Event: 7.355 Thread 0x0000000019d40800 Exception <a 'java/lang/NoSuchMethodError': <clinit>> (0x00000000d5faa6f8) thrown at [C:\src\AOSP-openjdk-git\hotspot\src\share\vm\prims\jni.cpp, line 1615]
Event: 7.355 Thread 0x0000000019d40800 Exception <a 'java/lang/NoSuchMethodError': <clinit>> (0x00000000d5fabca8) thrown at [C:\src\AOSP-openjdk-git\hotspot\src\share\vm\prims\jni.cpp, line 1615]
Event: 7.355 Thread 0x0000000019d40800 Exception <a 'java/lang/NoSuchMethodError': <clinit>> (0x00000000d5fad0f8) thrown at [C:\src\AOSP-openjdk-git\hotspot\src\share\vm\prims\jni.cpp, line 1615]
Event: 7.710 Thread 0x0000000019d40800 Implicit null exception at 0x0000000003935715 to 0x0000000003935911
Event: 7.855 Thread 0x0000000019d40800 Exception <a 'java/lang/NoSuchMethodError': java.lang.Object.lambda$comparing$77a9974f$1(Ljava/util/function/Function;Ljava/lang/Object;Ljava/lang/Object;)I> (0x00000000d6c68a18) thrown at [C:\src\AOSP-openjdk-git\hotspot\src\share\vm\interpreter\linkReso
Event: 8.006 Thread 0x0000000019d40800 Exception <a 'java/lang/NoSuchMethodError': java.lang.Object.lambda$withReadOnlyCache$0(Ljava/util/function/BiFunction;Lorg/gradle/api/internal/artifacts/ivyservice/ArtifactCacheMetadata;)Ljava/lang/Object;> (0x00000000d6eabc18) thrown at [C:\src\AOSP-ope
Event: 8.179 Thread 0x0000000019d40800 Exception <a 'java/lang/NoSuchMethodError': java.lang.Object.lambda$static$0(Lorg/gradle/api/internal/artifacts/ivyservice/ivyresolve/ModuleComponentRepository;Ljava/lang/String;Lorg/gradle/api/internal/artifacts/configurations/ResolutionStrategyInternal;
Event: 9.422 Thread 0x0000000019d40800 Exception <a 'java/lang/NoSuchMethodError': java.lang.Object.lambda$comparing$ea9a8b3a$1(Ljava/util/Comparator;Ljava/util/function/Function;Ljava/lang/Object;Ljava/lang/Object;)I> (0x00000000d7303d40) thrown at [C:\src\AOSP-openjdk-git\hotspot\src\share\v

Events (10 events):
Event: 9.433 Executing VM operation: RevokeBias done
Event: 9.433 Executing VM operation: RevokeBias
Event: 9.433 Executing VM operation: RevokeBias done
Event: 9.434 loading class org/apache/tools/zip/ZipEncodingHelper
Event: 9.434 loading class org/apache/tools/zip/ZipEncodingHelper done
Event: 9.435 Executing VM operation: RevokeBias
Event: 9.435 Executing VM operation: RevokeBias done
Event: 9.435 loading class org/apache/tools/zip/ZipEncoding
Event: 9.435 loading class org/apache/tools/zip/ZipEncoding done
Event: 9.436 loading class java/nio/charset/UnsupportedCharsetException


Dynamic libraries:
0x00007ff606550000 - 0x00007ff606581000 	C:\Program Files\Android\Android Studio\jre\bin\java.exe
0x00007ffb72b40000 - 0x00007ffb72d30000 	C:\WINDOWS\SYSTEM32\ntdll.dll
0x00007ffb714f0000 - 0x00007ffb715a2000 	C:\WINDOWS\System32\KERNEL32.DLL
0x00007ffb6fac0000 - 0x00007ffb6fd65000 	C:\WINDOWS\System32\KERNELBASE.dll
0x00007ffb71440000 - 0x00007ffb714e3000 	C:\WINDOWS\System32\ADVAPI32.dll
0x00007ffb72810000 - 0x00007ffb728ae000 	C:\WINDOWS\System32\msvcrt.dll
0x00007ffb71730000 - 0x00007ffb717c7000 	C:\WINDOWS\System32\sechost.dll
0x00007ffb71610000 - 0x00007ffb7172f000 	C:\WINDOWS\System32\RPCRT4.dll
0x00007ffb70cc0000 - 0x00007ffb70e54000 	C:\WINDOWS\System32\USER32.dll
0x00007ffb6fe50000 - 0x00007ffb6fe71000 	C:\WINDOWS\System32\win32u.dll
0x00007ffb72ad0000 - 0x00007ffb72af6000 	C:\WINDOWS\System32\GDI32.dll
0x00007ffb700d0000 - 0x00007ffb70268000 	C:\WINDOWS\System32\gdi32full.dll
0x00007ffb703a0000 - 0x00007ffb7043e000 	C:\WINDOWS\System32\msvcp_win.dll
0x00007ffb6fe80000 - 0x00007ffb6ff7a000 	C:\WINDOWS\System32\ucrtbase.dll
0x00007ffb61580000 - 0x00007ffb61804000 	C:\WINDOWS\WinSxS\amd64_microsoft.windows.common-controls_6595b64144ccf1df_6.0.18362.1316_none_9e7a364fe461dbd7\COMCTL32.dll
0x00007ffb71bb0000 - 0x00007ffb71ee7000 	C:\WINDOWS\System32\combase.dll
0x00007ffb6fd70000 - 0x00007ffb6fdf1000 	C:\WINDOWS\System32\bcryptPrimitives.dll
0x00007ffb71b10000 - 0x00007ffb71b3e000 	C:\WINDOWS\System32\IMM32.DLL
0x0000000054f10000 - 0x0000000054fe2000 	C:\Program Files\Android\Android Studio\jre\jre\bin\msvcr100.dll
0x0000000054690000 - 0x0000000054edb000 	C:\Program Files\Android\Android Studio\jre\jre\bin\server\jvm.dll
0x00007ffb71ef0000 - 0x00007ffb71ef8000 	C:\WINDOWS\System32\PSAPI.DLL
0x00007ffb6c580000 - 0x00007ffb6c589000 	C:\WINDOWS\SYSTEM32\WSOCK32.dll
0x00007ffb71b40000 - 0x00007ffb71baf000 	C:\WINDOWS\System32\WS2_32.dll
0x00007ffb64980000 - 0x00007ffb6498a000 	C:\WINDOWS\SYSTEM32\VERSION.dll
0x00007ffb6c550000 - 0x00007ffb6c574000 	C:\WINDOWS\SYSTEM32\WINMM.dll
0x00007ffb6c520000 - 0x00007ffb6c54d000 	C:\WINDOWS\SYSTEM32\winmmbase.dll
0x00007ffb6fe00000 - 0x00007ffb6fe4a000 	C:\WINDOWS\System32\cfgmgr32.dll
0x00007ffb68c80000 - 0x00007ffb68c8f000 	C:\Program Files\Android\Android Studio\jre\jre\bin\verify.dll
0x00007ffb64890000 - 0x00007ffb648b9000 	C:\Program Files\Android\Android Studio\jre\jre\bin\java.dll
0x00007ffb689c0000 - 0x00007ffb689d6000 	C:\Program Files\Android\Android Studio\jre\jre\bin\zip.dll
0x00007ffb71fd0000 - 0x00007ffb726b8000 	C:\WINDOWS\System32\SHELL32.dll
0x00007ffb71a60000 - 0x00007ffb71b07000 	C:\WINDOWS\System32\shcore.dll
0x00007ffb70440000 - 0x00007ffb70bbb000 	C:\WINDOWS\System32\windows.storage.dll
0x00007ffb6fa70000 - 0x00007ffb6fa93000 	C:\WINDOWS\System32\profapi.dll
0x00007ffb6fa20000 - 0x00007ffb6fa6a000 	C:\WINDOWS\System32\powrprof.dll
0x00007ffb6f9f0000 - 0x00007ffb6fa00000 	C:\WINDOWS\System32\UMPDC.dll
0x00007ffb715b0000 - 0x00007ffb71602000 	C:\WINDOWS\System32\shlwapi.dll
0x00007ffb6faa0000 - 0x00007ffb6fab1000 	C:\WINDOWS\System32\kernel.appcore.dll
0x00007ffb702d0000 - 0x00007ffb702e7000 	C:\WINDOWS\System32\cryptsp.dll
0x00007ffb66830000 - 0x00007ffb6684a000 	C:\Program Files\Android\Android Studio\jre\jre\bin\net.dll
0x00007ffb6f230000 - 0x00007ffb6f297000 	C:\WINDOWS\system32\mswsock.dll
0x00007ffb65340000 - 0x00007ffb65353000 	C:\Program Files\Android\Android Studio\jre\jre\bin\nio.dll
0x00007ffb68b20000 - 0x00007ffb68b47000 	C:\Users\user\.gradle\native\f6784746aeab05261644944871eae4fe03e0ef1612fff0a4a95f87b438bc6780\windows-amd64\native-platform.dll
0x00007ffb68c30000 - 0x00007ffb68c3d000 	C:\Program Files\Android\Android Studio\jre\jre\bin\management.dll
0x00007ffb6ed50000 - 0x00007ffb6ed83000 	C:\WINDOWS\system32\rsaenh.dll
0x00007ffb70bc0000 - 0x00007ffb70be6000 	C:\WINDOWS\System32\bcrypt.dll
0x00007ffb6f910000 - 0x00007ffb6f935000 	C:\WINDOWS\SYSTEM32\USERENV.dll
0x00007ffb6f400000 - 0x00007ffb6f40c000 	C:\WINDOWS\SYSTEM32\CRYPTBASE.dll
0x00007ffb6eee0000 - 0x00007ffb6ef1a000 	C:\WINDOWS\SYSTEM32\IPHLPAPI.DLL
0x00007ffb70e60000 - 0x00007ffb70e68000 	C:\WINDOWS\System32\NSI.dll
0x00007ffb67b30000 - 0x00007ffb67b46000 	C:\WINDOWS\SYSTEM32\dhcpcsvc6.DLL
0x00007ffb67b80000 - 0x00007ffb67b9c000 	C:\WINDOWS\SYSTEM32\dhcpcsvc.DLL
0x00007ffb6ef20000 - 0x00007ffb6efeb000 	C:\WINDOWS\SYSTEM32\DNSAPI.dll
0x00007ffb67ca0000 - 0x00007ffb67cab000 	C:\WINDOWS\SYSTEM32\WINNSI.DLL

VM Arguments:
jvm_args: -Xmx2048m -Dfile.encoding=UTF-8 -Duser.country=IN -Duser.language=en -Duser.variant 
java_command: org.gradle.launcher.daemon.bootstrap.GradleDaemon 6.5
java_class_path (initial): C:\Users\user\.gradle\wrapper\dists\gradle-6.5-bin\6nifqtx7604sqp1q6g8wikw7p\gradle-6.5\lib\gradle-launcher-6.5.jar
Launcher Type: SUN_STANDARD

Environment Variables:
JAVA_HOME=C:\Program Files\Java\jdk1.8.0_111\bin
PATH=C:\ProgramData\Oracle\Java\javapath;C:\ProgramData\Anaconda3;C:\ProgramData\Anaconda3\Library\mingw-w64\bin;C:\ProgramData\Anaconda3\Library\usr\bin;C:\ProgramData\Anaconda3\Library\bin;C:\ProgramData\Anaconda3\Scripts;C:\WINDOWS\system32;C:\WINDOWS;C:\WINDOWS\System32\Wbem;C:\WINDOWS\System32\WindowsPowerShell\v1.0\;C:\WINDOWS\System32\OpenSSH\;C:\Program Files\Git\cmd;C:\Program Files\Java\jdk1.8.0_111\bin;C:\Users\user\AppData\Local\Microsoft\WindowsApps;
USERNAME=user
OS=Windows_NT
PROCESSOR_IDENTIFIER=Intel64 Family 6 Model 58 Stepping 9, GenuineIntel



---------------  S Y S T E M  ---------------

OS: Windows 10.0 , 64 bit Build 18362 (10.0.18362.1350)

CPU:total 4 (initial active 4) (2 cores per cpu, 2 threads per core) family 6 model 58 stepping 9, cmov, cx8, fxsr, mmx, sse, sse2, sse3, ssse3, sse4.1, sse4.2, popcnt, avx, clmul, erms, ht, tsc, tscinvbit, tscinv

Memory: 4k page, physical 8287076k(469844k free), swap 21357920k(4244k free)

vm_info: OpenJDK 64-Bit Server VM (25.242-b01) for windows-amd64 JRE (1.8.0_242-release-1644-b01), built by "builder" with MS VC++ 10.0 (VS2010)

time: Wed Mar 24 12:46:02 2021
timezone: India Standard Time
elapsed time: 9 seconds (0d 0h 0m 9s)

