#
# There is insufficient memory for the Java Runtime Environment to continue.
# Native memory allocation (malloc) failed to allocate 981216 bytes for Chunk::new
# Possible reasons:
#   The system is out of physical RAM or swap space
#   The process is running with CompressedOops enabled, and the Java Heap may be blocking the growth of the native heap
# Possible solutions:
#   Reduce memory load on the system
#   Increase physical memory or swap space
#   Check if swap backing store is full
#   Decrease Java heap size (-Xmx/-Xms)
#   Decrease number of Java threads
#   Decrease Java thread stack sizes (-Xss)
#   Set larger code cache with -XX:ReservedCodeCacheSize=
#   JVM is running with Unscaled Compressed Oops mode in which the Java heap is
#     placed in the first 4GB address space. The Java Heap base address is the
#     maximum limit for the native heap growth. Please use -XX:HeapBaseMinAddress
#     to set the Java Heap base and to place the Java Heap above 4GB virtual address.
# This output file may be truncated or incomplete.
#
#  Out of Memory Error (allocation.cpp:389), pid=14512, tid=0x0000000000000d40
#
# JRE version: OpenJDK Runtime Environment (8.0_242-b01) (build 1.8.0_242-release-1644-b01)
# Java VM: OpenJDK 64-Bit Server VM (25.242-b01 mixed mode windows-amd64 compressed oops)
# Failed to write core dump. Minidumps are not enabled by default on client versions of Windows
#

---------------  T H R E A D  ---------------

Current thread (0x000000001741a000):  JavaThread "C2 CompilerThread1" daemon [_thread_in_native, id=3392, stack(0x0000000018b80000,0x0000000018c80000)]

Stack: [0x0000000018b80000,0x0000000018c80000]
[error occurred during error reporting (printing stack bounds), id 0xc0000005]

Native frames: (J=compiled Java code, j=interpreted, Vv=VM code, C=native code)


Current CompileTask:
C2:   4134 1583   !   4       java.net.URLClassLoader$1::run (63 bytes)


---------------  P R O C E S S  ---------------

Java Threads: ( => current thread )
  0x000000001b00e800 JavaThread "Cache worker for file hash cache (C:\Users\user\.gradle\caches\6.5\fileHashes)" [_thread_blocked, id=14084, stack(0x000000001d3a0000,0x000000001d4a0000)]
  0x000000001b010000 JavaThread "File lock request listener" [_thread_in_native, id=15116, stack(0x000000001d2a0000,0x000000001d3a0000)]
  0x000000001ae4b000 JavaThread "Cache worker for journal cache (C:\Users\user\.gradle\caches\journal-1)" [_thread_blocked, id=9324, stack(0x000000001d1a0000,0x000000001d2a0000)]
  0x000000001940a000 JavaThread "Thread-9" [_thread_blocked, id=4124, stack(0x000000001cea0000,0x000000001cfa0000)]
  0x0000000019407800 JavaThread "Stdin handler" [_thread_blocked, id=14540, stack(0x000000001cda0000,0x000000001cea0000)]
  0x000000001addb000 JavaThread "Asynchronous log dispatcher for DefaultDaemonConnection: socket connection from /127.0.0.1:58700 to /127.0.0.1:58701" [_thread_blocked, id=11636, stack(0x000000001cca0000,0x000000001cda0000)]
  0x000000001adf3000 JavaThread "Daemon worker" [_thread_in_Java, id=4320, stack(0x000000001cba0000,0x000000001cca0000)]
  0x000000001adcc000 JavaThread "Cancel handler" [_thread_blocked, id=7960, stack(0x000000001caa0000,0x000000001cba0000)]
  0x000000001ada5000 JavaThread "Handler for socket connection from /127.0.0.1:58700 to /127.0.0.1:58701" [_thread_in_native, id=8440, stack(0x000000001c9a0000,0x000000001caa0000)]
  0x000000001ada4800 JavaThread "Daemon" [_thread_blocked, id=10112, stack(0x000000001c6a0000,0x000000001c7a0000)]
  0x000000001ada0000 JavaThread "Daemon periodic checks" [_thread_blocked, id=2732, stack(0x000000001c5a0000,0x000000001c6a0000)]
  0x000000001ad2d000 JavaThread "Incoming local TCP Connector on port 58700" [_thread_in_native, id=15684, stack(0x000000001c360000,0x000000001c460000)]
  0x000000001ab95000 JavaThread "Daemon health stats" [_thread_blocked, id=10236, stack(0x000000001bd20000,0x000000001be20000)]
  0x0000000018db8800 JavaThread "Service Thread" daemon [_thread_blocked, id=5920, stack(0x0000000019180000,0x0000000019280000)]
  0x0000000017427800 JavaThread "C1 CompilerThread2" daemon [_thread_blocked, id=14164, stack(0x0000000018c80000,0x0000000018d80000)]
=>0x000000001741a000 JavaThread "C2 CompilerThread1" daemon [_thread_in_native, id=3392, stack(0x0000000018b80000,0x0000000018c80000)]
  0x0000000017416000 JavaThread "C2 CompilerThread0" daemon [_thread_in_native, id=9492, stack(0x0000000018a80000,0x0000000018b80000)]
  0x0000000017414800 JavaThread "Attach Listener" daemon [_thread_blocked, id=9828, stack(0x0000000018980000,0x0000000018a80000)]
  0x0000000017411000 JavaThread "Signal Dispatcher" daemon [_thread_blocked, id=1356, stack(0x0000000018880000,0x0000000018980000)]
  0x00000000027ec000 JavaThread "Finalizer" daemon [_thread_blocked, id=11180, stack(0x0000000018680000,0x0000000018780000)]
  0x00000000173f9800 JavaThread "Reference Handler" daemon [_thread_blocked, id=9696, stack(0x0000000018580000,0x0000000018680000)]
  0x00000000026ee000 JavaThread "main" [_thread_blocked, id=14908, stack(0x0000000002540000,0x0000000002640000)]

Other Threads:
  0x00000000173d6800 VMThread [stack: 0x0000000018480000,0x0000000018580000] [id=5084]
  0x0000000018db9000 WatcherThread [stack: 0x0000000019280000,0x0000000019380000] [id=6264]

VM state:not at safepoint (normal execution)

VM Mutex/Monitor currently owned by a thread: None

heap address: 0x0000000080000000, size: 2048 MB, Compressed Oops mode: 32-bit
Narrow klass base: 0x0000000000000000, Narrow klass shift: 3
Compressed class space size: 1073741824 Address: 0x0000000100000000

Heap:
 PSYoungGen      total 38400K, used 32417K [0x00000000d5580000, 0x00000000d8000000, 0x0000000100000000)
  eden space 33280K, 82% used [0x00000000d5580000,0x00000000d702c8a8,0x00000000d7600000)
  from space 5120K, 99% used [0x00000000d7b00000,0x00000000d7ffbc20,0x00000000d8000000)
  to   space 5120K, 0% used [0x00000000d7600000,0x00000000d7600000,0x00000000d7b00000)
 ParOldGen       total 87552K, used 3744K [0x0000000080000000, 0x0000000085580000, 0x00000000d5580000)
  object space 87552K, 4% used [0x0000000080000000,0x00000000803a83b8,0x0000000085580000)
 Metaspace       used 17111K, capacity 17794K, committed 17920K, reserved 1064960K
  class space    used 2318K, capacity 2509K, committed 2560K, reserved 1048576K

Card table byte_map: [0x0000000011bb0000,0x0000000011fc0000] byte_map_base: 0x00000000117b0000

Marking Bits: (ParMarkBitMap*) 0x0000000054e5f030
 Begin Bits: [0x0000000012670000, 0x0000000014670000)
 End Bits:   [0x0000000014670000, 0x0000000016670000)

Polling page: 0x0000000000e00000

CodeCache: size=245760Kb used=5632Kb max_used=5632Kb free=240127Kb
 bounds [0x00000000027f0000, 0x0000000002d80000, 0x00000000117f0000]
 total_blobs=2016 nmethods=1615 adapters=314
 compilation: enabled

Compilation events (10 events):
Event: 4.104 Thread 0x0000000017427800 1614       3       java.util.HashMap::get (23 bytes)
Event: 4.105 Thread 0x0000000017427800 nmethod 1614 0x0000000002d6a9d0 code [0x0000000002d6ab60, 0x0000000002d6af58]
Event: 4.106 Thread 0x0000000017427800 1615       3       java.util.LinkedHashMap::afterNodeInsertion (40 bytes)
Event: 4.107 Thread 0x0000000017427800 nmethod 1615 0x0000000002d6b0d0 code [0x0000000002d6b260, 0x0000000002d6b788]
Event: 4.109 Thread 0x0000000017427800 1616       3       java.util.HashMap::getNode (148 bytes)
Event: 4.110 Thread 0x0000000017427800 nmethod 1616 0x0000000002d6b910 code [0x0000000002d6bae0, 0x0000000002d6c488]
Event: 4.110 Thread 0x0000000017427800 1617       2       java.util.HashMap::put (13 bytes)
Event: 4.110 Thread 0x0000000017427800 nmethod 1617 0x0000000002d6c750 code [0x0000000002d6c8c0, 0x0000000002d6cab8]
Event: 4.116 Thread 0x0000000017427800 1618       3       java.lang.invoke.MethodTypeForm::cachedLambdaForm (44 bytes)
Event: 4.117 Thread 0x0000000017427800 nmethod 1618 0x0000000002d6cb90 code [0x0000000002d6cd20, 0x0000000002d6d170]

GC Heap History (8 events):
Event: 1.402 GC heap before
{Heap before GC invocations=1 (full 0):
 PSYoungGen      total 38400K, used 33280K [0x00000000d5580000, 0x00000000d8000000, 0x0000000100000000)
  eden space 33280K, 100% used [0x00000000d5580000,0x00000000d7600000,0x00000000d7600000)
  from space 5120K, 0% used [0x00000000d7b00000,0x00000000d7b00000,0x00000000d8000000)
  to   space 5120K, 0% used [0x00000000d7600000,0x00000000d7600000,0x00000000d7b00000)
 ParOldGen       total 87552K, used 0K [0x0000000080000000, 0x0000000085580000, 0x00000000d5580000)
  object space 87552K, 0% used [0x0000000080000000,0x0000000080000000,0x0000000085580000)
 Metaspace       used 7525K, capacity 7774K, committed 8064K, reserved 1056768K
  class space    used 929K, capacity 1037K, committed 1152K, reserved 1048576K
Event: 1.409 GC heap after
Heap after GC invocations=1 (full 0):
 PSYoungGen      total 38400K, used 4453K [0x00000000d5580000, 0x00000000d8000000, 0x0000000100000000)
  eden space 33280K, 0% used [0x00000000d5580000,0x00000000d5580000,0x00000000d7600000)
  from space 5120K, 86% used [0x00000000d7600000,0x00000000d7a594d0,0x00000000d7b00000)
  to   space 5120K, 0% used [0x00000000d7b00000,0x00000000d7b00000,0x00000000d8000000)
 ParOldGen       total 87552K, used 8K [0x0000000080000000, 0x0000000085580000, 0x00000000d5580000)
  object space 87552K, 0% used [0x0000000080000000,0x0000000080002000,0x0000000085580000)
 Metaspace       used 7525K, capacity 7774K, committed 8064K, reserved 1056768K
  class space    used 929K, capacity 1037K, committed 1152K, reserved 1048576K
}
Event: 1.831 GC heap before
{Heap before GC invocations=2 (full 0):
 PSYoungGen      total 38400K, used 37733K [0x00000000d5580000, 0x00000000d8000000, 0x0000000100000000)
  eden space 33280K, 100% used [0x00000000d5580000,0x00000000d7600000,0x00000000d7600000)
  from space 5120K, 86% used [0x00000000d7600000,0x00000000d7a594d0,0x00000000d7b00000)
  to   space 5120K, 0% used [0x00000000d7b00000,0x00000000d7b00000,0x00000000d8000000)
 ParOldGen       total 87552K, used 8K [0x0000000080000000, 0x0000000085580000, 0x00000000d5580000)
  object space 87552K, 0% used [0x0000000080000000,0x0000000080002000,0x0000000085580000)
 Metaspace       used 7774K, capacity 8086K, committed 8320K, reserved 1056768K
  class space    used 956K, capacity 1077K, committed 1152K, reserved 1048576K
Event: 1.836 GC heap after
Heap after GC invocations=2 (full 0):
 PSYoungGen      total 38400K, used 3361K [0x00000000d5580000, 0x00000000d8000000, 0x0000000100000000)
  eden space 33280K, 0% used [0x00000000d5580000,0x00000000d5580000,0x00000000d7600000)
  from space 5120K, 65% used [0x00000000d7b00000,0x00000000d7e485e8,0x00000000d8000000)
  to   space 5120K, 0% used [0x00000000d7600000,0x00000000d7600000,0x00000000d7b00000)
 ParOldGen       total 87552K, used 16K [0x0000000080000000, 0x0000000085580000, 0x00000000d5580000)
  object space 87552K, 0% used [0x0000000080000000,0x0000000080004000,0x0000000085580000)
 Metaspace       used 7774K, capacity 8086K, committed 8320K, reserved 1056768K
  class space    used 956K, capacity 1077K, committed 1152K, reserved 1048576K
}
Event: 3.137 GC heap before
{Heap before GC invocations=3 (full 0):
 PSYoungGen      total 38400K, used 36641K [0x00000000d5580000, 0x00000000d8000000, 0x0000000100000000)
  eden space 33280K, 100% used [0x00000000d5580000,0x00000000d7600000,0x00000000d7600000)
  from space 5120K, 65% used [0x00000000d7b00000,0x00000000d7e485e8,0x00000000d8000000)
  to   space 5120K, 0% used [0x00000000d7600000,0x00000000d7600000,0x00000000d7b00000)
 ParOldGen       total 87552K, used 16K [0x0000000080000000, 0x0000000085580000, 0x00000000d5580000)
  object space 87552K, 0% used [0x0000000080000000,0x0000000080004000,0x0000000085580000)
 Metaspace       used 12171K, capacity 12580K, committed 12800K, reserved 1060864K
  class space    used 1619K, capacity 1738K, committed 1792K, reserved 1048576K
Event: 3.147 GC heap after
Heap after GC invocations=3 (full 0):
 PSYoungGen      total 38400K, used 5104K [0x00000000d5580000, 0x00000000d8000000, 0x0000000100000000)
  eden space 33280K, 0% used [0x00000000d5580000,0x00000000d5580000,0x00000000d7600000)
  from space 5120K, 99% used [0x00000000d7600000,0x00000000d7afc010,0x00000000d7b00000)
  to   space 5120K, 0% used [0x00000000d7b00000,0x00000000d7b00000,0x00000000d8000000)
 ParOldGen       total 87552K, used 1126K [0x0000000080000000, 0x0000000085580000, 0x00000000d5580000)
  object space 87552K, 1% used [0x0000000080000000,0x0000000080119a10,0x0000000085580000)
 Metaspace       used 12171K, capacity 12580K, committed 12800K, reserved 1060864K
  class space    used 1619K, capacity 1738K, committed 1792K, reserved 1048576K
}
Event: 3.725 GC heap before
{Heap before GC invocations=4 (full 0):
 PSYoungGen      total 38400K, used 38024K [0x00000000d5580000, 0x00000000d8000000, 0x0000000100000000)
  eden space 33280K, 98% used [0x00000000d5580000,0x00000000d75a6348,0x00000000d7600000)
  from space 5120K, 99% used [0x00000000d7600000,0x00000000d7afc010,0x00000000d7b00000)
  to   space 5120K, 0% used [0x00000000d7b00000,0x00000000d7b00000,0x00000000d8000000)
 ParOldGen       total 87552K, used 1126K [0x0000000080000000, 0x0000000085580000, 0x00000000d5580000)
  object space 87552K, 1% used [0x0000000080000000,0x0000000080119a10,0x0000000085580000)
 Metaspace       used 14724K, capacity 15230K, committed 15488K, reserved 1062912K
  class space    used 2006K, capacity 2165K, committed 2176K, reserved 1048576K
Event: 3.738 GC heap after
Heap after GC invocations=4 (full 0):
 PSYoungGen      total 38400K, used 5103K [0x00000000d5580000, 0x00000000d8000000, 0x0000000100000000)
  eden space 33280K, 0% used [0x00000000d5580000,0x00000000d5580000,0x00000000d7600000)
  from space 5120K, 99% used [0x00000000d7b00000,0x00000000d7ffbc20,0x00000000d8000000)
  to   space 5120K, 0% used [0x00000000d7600000,0x00000000d7600000,0x00000000d7b00000)
 ParOldGen       total 87552K, used 3744K [0x0000000080000000, 0x0000000085580000, 0x00000000d5580000)
  object space 87552K, 4% used [0x0000000080000000,0x00000000803a83b8,0x0000000085580000)
 Metaspace       used 14724K, capacity 15230K, committed 15488K, reserved 1062912K
  class space    used 2006K, capacity 2165K, committed 2176K, reserved 1048576K
}

Deoptimization events (10 events):
Event: 3.602 Thread 0x000000001adf3000 Uncommon trap: reason=class_check action=maybe_recompile pc=0x0000000002b2bd18 method=java.util.regex.Matcher.match(II)Z @ 86
Event: 3.627 Thread 0x000000001adf3000 Uncommon trap: reason=class_check action=maybe_recompile pc=0x0000000002b2bd18 method=java.util.regex.Matcher.match(II)Z @ 86
Event: 3.628 Thread 0x000000001adf3000 Uncommon trap: reason=class_check action=maybe_recompile pc=0x0000000002b2bd18 method=java.util.regex.Matcher.match(II)Z @ 86
Event: 3.628 Thread 0x000000001adf3000 Uncommon trap: reason=class_check action=maybe_recompile pc=0x00000000029ae9cc method=java.util.regex.Matcher.match(II)Z @ 86
Event: 3.792 Thread 0x000000001adf3000 Uncommon trap: reason=unstable_if action=reinterpret pc=0x0000000002b1bbdc method=java.io.File.getName()Ljava/lang/String; @ 16
Event: 4.098 Thread 0x000000001adf3000 Uncommon trap: reason=unstable_if action=reinterpret pc=0x0000000002b1f3b0 method=java.util.LinkedHashMap.afterNodeInsertion(Z)V @ 1
Event: 4.103 Thread 0x000000001adf3000 Uncommon trap: reason=unstable_if action=reinterpret pc=0x0000000002a59444 method=java.util.HashMap.getNode(ILjava/lang/Object;)Ljava/util/HashMap$Node; @ 129
Event: 4.103 Thread 0x000000001adf3000 Uncommon trap: reason=bimorphic action=maybe_recompile pc=0x0000000002cc0370 method=java.util.HashMap.putVal(ILjava/lang/Object;Ljava/lang/Object;ZZ)Ljava/lang/Object; @ 203
Event: 4.109 Thread 0x000000001adf3000 Uncommon trap: reason=unstable_if action=reinterpret pc=0x0000000002a5bad0 method=java.util.HashMap.getNode(ILjava/lang/Object;)Ljava/util/HashMap$Node; @ 129
Event: 4.109 Thread 0x000000001adf3000 Uncommon trap: reason=bimorphic action=maybe_recompile pc=0x0000000002cc0370 method=java.util.HashMap.putVal(ILjava/lang/Object;Ljava/lang/Object;ZZ)Ljava/lang/Object; @ 203

Classes redefined (0 events):
No events

Internal exceptions (10 events):
Event: 3.068 Thread 0x000000001ada5000 Exception <a 'java/lang/NoSuchMethodError': <clinit>> (0x00000000d745fbb0) thrown at [C:\src\AOSP-openjdk-git\hotspot\src\share\vm\prims\jni.cpp, line 1615]
Event: 3.069 Thread 0x000000001ada5000 Exception <a 'java/lang/NoSuchMethodError': <clinit>> (0x00000000d7468750) thrown at [C:\src\AOSP-openjdk-git\hotspot\src\share\vm\prims\jni.cpp, line 1615]
Event: 3.072 Thread 0x000000001ada5000 Exception <a 'java/lang/NoSuchMethodError': <clinit>> (0x00000000d747ea90) thrown at [C:\src\AOSP-openjdk-git\hotspot\src\share\vm\prims\jni.cpp, line 1615]
Event: 3.093 Thread 0x000000001ada5000 Exception <a 'java/lang/NoSuchMethodError': <clinit>> (0x00000000d74fa468) thrown at [C:\src\AOSP-openjdk-git\hotspot\src\share\vm\prims\jni.cpp, line 1615]
Event: 3.103 Thread 0x000000001ada5000 Exception <a 'java/lang/NoSuchMethodError': <clinit>> (0x00000000d7529b18) thrown at [C:\src\AOSP-openjdk-git\hotspot\src\share\vm\prims\jni.cpp, line 1615]
Event: 3.115 Thread 0x000000001ada5000 Exception <a 'java/lang/NoSuchMethodError': <clinit>> (0x00000000d75580b0) thrown at [C:\src\AOSP-openjdk-git\hotspot\src\share\vm\prims\jni.cpp, line 1615]
Event: 3.118 Thread 0x000000001ada5000 Exception <a 'java/lang/NoSuchMethodError': <clinit>> (0x00000000d7564528) thrown at [C:\src\AOSP-openjdk-git\hotspot\src\share\vm\prims\jni.cpp, line 1615]
Event: 3.851 Thread 0x000000001adf3000 Exception <a 'java/lang/NoSuchMethodError': java.lang.Object.lambda$and$0(Ljava/util/function/Predicate;Ljava/lang/Object;)Z> (0x00000000d5968218) thrown at [C:\src\AOSP-openjdk-git\hotspot\src\share\vm\interpreter\linkResolver.cpp, line 620]
Event: 3.870 Thread 0x000000001adf3000 Exception <a 'java/lang/IncompatibleClassChangeError': Found class java.lang.Object, but interface was expected> (0x00000000d5978510) thrown at [C:\src\AOSP-openjdk-git\hotspot\src\share\vm\interpreter\linkResolver.cpp, line 653]
Event: 3.872 Thread 0x000000001adf3000 Exception <a 'java/lang/NoSuchMethodError': java.lang.Object.lambda$or$2(Ljava/util/function/Predicate;Ljava/lang/Object;)Z> (0x00000000d597d060) thrown at [C:\src\AOSP-openjdk-git\hotspot\src\share\vm\interpreter\linkResolver.cpp, line 620]

Events (10 events):
Event: 4.109 Thread 0x000000001adf3000 DEOPT UNPACKING pc=0x000000000283557b sp=0x000000001cc9c4c8 mode 2
Event: 4.109 Thread 0x000000001adf3000 Uncommon trap: trap_request=0xffffffc6 fr.pc=0x0000000002cc0370
Event: 4.109 Thread 0x000000001adf3000 DEOPT PACKING pc=0x0000000002cc0370 sp=0x000000001cc9c560
Event: 4.109 Thread 0x000000001adf3000 DEOPT UNPACKING pc=0x000000000283557b sp=0x000000001cc9c4a0 mode 2
Event: 4.112 loading class org/gradle/instantexecution/problems/InstantExecutionProblems$ProblemHandler
Event: 4.112 loading class org/gradle/instantexecution/problems/InstantExecutionProblems$ProblemHandler done
Event: 4.114 loading class org/gradle/instantexecution/problems/InstantExecutionProblems$BuildFinishedProblemsHandler
Event: 4.114 loading class org/gradle/instantexecution/problems/InstantExecutionProblems$BuildFinishedProblemsHandler done
Event: 4.117 loading class org/gradle/instantexecution/initialization/NoOpInstantExecutionProblemsListener
Event: 4.117 loading class org/gradle/instantexecution/initialization/NoOpInstantExecutionProblemsListener done


Dynamic libraries:
0x00007ff606550000 - 0x00007ff606581000 	C:\Program Files\Android\Android Studio\jre\bin\java.exe
0x00007ffb72b40000 - 0x00007ffb72d30000 	C:\WINDOWS\SYSTEM32\ntdll.dll
0x00007ffb714f0000 - 0x00007ffb715a2000 	C:\WINDOWS\System32\KERNEL32.DLL
0x00007ffb6fac0000 - 0x00007ffb6fd65000 	C:\WINDOWS\System32\KERNELBASE.dll
0x00007ffb71440000 - 0x00007ffb714e3000 	C:\WINDOWS\System32\ADVAPI32.dll
0x00007ffb72810000 - 0x00007ffb728ae000 	C:\WINDOWS\System32\msvcrt.dll
0x00007ffb71730000 - 0x00007ffb717c7000 	C:\WINDOWS\System32\sechost.dll
0x00007ffb71610000 - 0x00007ffb7172f000 	C:\WINDOWS\System32\RPCRT4.dll
0x00007ffb70cc0000 - 0x00007ffb70e54000 	C:\WINDOWS\System32\USER32.dll
0x00007ffb6fe50000 - 0x00007ffb6fe71000 	C:\WINDOWS\System32\win32u.dll
0x00007ffb72ad0000 - 0x00007ffb72af6000 	C:\WINDOWS\System32\GDI32.dll
0x00007ffb700d0000 - 0x00007ffb70268000 	C:\WINDOWS\System32\gdi32full.dll
0x00007ffb703a0000 - 0x00007ffb7043e000 	C:\WINDOWS\System32\msvcp_win.dll
0x00007ffb6fe80000 - 0x00007ffb6ff7a000 	C:\WINDOWS\System32\ucrtbase.dll
0x00007ffb61580000 - 0x00007ffb61804000 	C:\WINDOWS\WinSxS\amd64_microsoft.windows.common-controls_6595b64144ccf1df_6.0.18362.1316_none_9e7a364fe461dbd7\COMCTL32.dll
0x00007ffb71bb0000 - 0x00007ffb71ee7000 	C:\WINDOWS\System32\combase.dll
0x00007ffb6fd70000 - 0x00007ffb6fdf1000 	C:\WINDOWS\System32\bcryptPrimitives.dll
0x00007ffb71b10000 - 0x00007ffb71b3e000 	C:\WINDOWS\System32\IMM32.DLL
0x0000000054f10000 - 0x0000000054fe2000 	C:\Program Files\Android\Android Studio\jre\jre\bin\msvcr100.dll
0x0000000054690000 - 0x0000000054edb000 	C:\Program Files\Android\Android Studio\jre\jre\bin\server\jvm.dll
0x00007ffb71ef0000 - 0x00007ffb71ef8000 	C:\WINDOWS\System32\PSAPI.DLL
0x00007ffb6c550000 - 0x00007ffb6c574000 	C:\WINDOWS\SYSTEM32\WINMM.dll
0x00007ffb6c580000 - 0x00007ffb6c589000 	C:\WINDOWS\SYSTEM32\WSOCK32.dll
0x00007ffb64980000 - 0x00007ffb6498a000 	C:\WINDOWS\SYSTEM32\VERSION.dll
0x00007ffb71b40000 - 0x00007ffb71baf000 	C:\WINDOWS\System32\WS2_32.dll
0x00007ffb6c520000 - 0x00007ffb6c54d000 	C:\WINDOWS\SYSTEM32\winmmbase.dll
0x00007ffb6fe00000 - 0x00007ffb6fe4a000 	C:\WINDOWS\System32\cfgmgr32.dll
0x00007ffb68c80000 - 0x00007ffb68c8f000 	C:\Program Files\Android\Android Studio\jre\jre\bin\verify.dll
0x00007ffb64890000 - 0x00007ffb648b9000 	C:\Program Files\Android\Android Studio\jre\jre\bin\java.dll
0x00007ffb689c0000 - 0x00007ffb689d6000 	C:\Program Files\Android\Android Studio\jre\jre\bin\zip.dll
0x00007ffb71fd0000 - 0x00007ffb726b8000 	C:\WINDOWS\System32\SHELL32.dll
0x00007ffb71a60000 - 0x00007ffb71b07000 	C:\WINDOWS\System32\shcore.dll
0x00007ffb70440000 - 0x00007ffb70bbb000 	C:\WINDOWS\System32\windows.storage.dll
0x00007ffb6fa70000 - 0x00007ffb6fa93000 	C:\WINDOWS\System32\profapi.dll
0x00007ffb6fa20000 - 0x00007ffb6fa6a000 	C:\WINDOWS\System32\powrprof.dll
0x00007ffb6f9f0000 - 0x00007ffb6fa00000 	C:\WINDOWS\System32\UMPDC.dll
0x00007ffb715b0000 - 0x00007ffb71602000 	C:\WINDOWS\System32\shlwapi.dll
0x00007ffb6faa0000 - 0x00007ffb6fab1000 	C:\WINDOWS\System32\kernel.appcore.dll
0x00007ffb702d0000 - 0x00007ffb702e7000 	C:\WINDOWS\System32\cryptsp.dll
0x00007ffb66830000 - 0x00007ffb6684a000 	C:\Program Files\Android\Android Studio\jre\jre\bin\net.dll
0x00007ffb6f230000 - 0x00007ffb6f297000 	C:\WINDOWS\system32\mswsock.dll
0x00007ffb65340000 - 0x00007ffb65353000 	C:\Program Files\Android\Android Studio\jre\jre\bin\nio.dll
0x00007ffb68b20000 - 0x00007ffb68b47000 	C:\Users\user\.gradle\native\f6784746aeab05261644944871eae4fe03e0ef1612fff0a4a95f87b438bc6780\windows-amd64\native-platform.dll
0x00007ffb68c30000 - 0x00007ffb68c3d000 	C:\Program Files\Android\Android Studio\jre\jre\bin\management.dll
0x00007ffb6ed50000 - 0x00007ffb6ed83000 	C:\WINDOWS\system32\rsaenh.dll
0x00007ffb70bc0000 - 0x00007ffb70be6000 	C:\WINDOWS\System32\bcrypt.dll
0x00007ffb6f910000 - 0x00007ffb6f935000 	C:\WINDOWS\SYSTEM32\USERENV.dll
0x00007ffb6f400000 - 0x00007ffb6f40c000 	C:\WINDOWS\SYSTEM32\CRYPTBASE.dll
0x00007ffb6eee0000 - 0x00007ffb6ef1a000 	C:\WINDOWS\SYSTEM32\IPHLPAPI.DLL
0x00007ffb70e60000 - 0x00007ffb70e68000 	C:\WINDOWS\System32\NSI.dll
0x00007ffb67b30000 - 0x00007ffb67b46000 	C:\WINDOWS\SYSTEM32\dhcpcsvc6.DLL
0x00007ffb67b80000 - 0x00007ffb67b9c000 	C:\WINDOWS\SYSTEM32\dhcpcsvc.DLL
0x00007ffb6ef20000 - 0x00007ffb6efeb000 	C:\WINDOWS\SYSTEM32\DNSAPI.dll
0x00007ffb67ca0000 - 0x00007ffb67cab000 	C:\WINDOWS\SYSTEM32\WINNSI.DLL

VM Arguments:
jvm_args: -Xmx2048m -Dfile.encoding=UTF-8 -Duser.country=IN -Duser.language=en -Duser.variant 
java_command: org.gradle.launcher.daemon.bootstrap.GradleDaemon 6.5
java_class_path (initial): C:\Users\user\.gradle\wrapper\dists\gradle-6.5-bin\6nifqtx7604sqp1q6g8wikw7p\gradle-6.5\lib\gradle-launcher-6.5.jar
Launcher Type: SUN_STANDARD

Environment Variables:
JAVA_HOME=C:\Program Files\Java\jdk1.8.0_111\bin
PATH=C:\ProgramData\Oracle\Java\javapath;C:\ProgramData\Anaconda3;C:\ProgramData\Anaconda3\Library\mingw-w64\bin;C:\ProgramData\Anaconda3\Library\usr\bin;C:\ProgramData\Anaconda3\Library\bin;C:\ProgramData\Anaconda3\Scripts;C:\WINDOWS\system32;C:\WINDOWS;C:\WINDOWS\System32\Wbem;C:\WINDOWS\System32\WindowsPowerShell\v1.0\;C:\WINDOWS\System32\OpenSSH\;C:\Program Files\Git\cmd;C:\Program Files\Java\jdk1.8.0_111\bin;C:\Users\user\AppData\Local\Microsoft\WindowsApps;
USERNAME=user
OS=Windows_NT
PROCESSOR_IDENTIFIER=Intel64 Family 6 Model 58 Stepping 9, GenuineIntel



---------------  S Y S T E M  ---------------

OS: Windows 10.0 , 64 bit Build 18362 (10.0.18362.1350)

CPU:total 4 (initial active 4) (2 cores per cpu, 2 threads per core) family 6 model 58 stepping 9, cmov, cx8, fxsr, mmx, sse, sse2, sse3, ssse3, sse4.1, sse4.2, popcnt, avx, clmul, erms, ht, tsc, tscinvbit, tscinv

Memory: 4k page, physical 8287076k(485472k free), swap 21357920k(4140k free)

vm_info: OpenJDK 64-Bit Server VM (25.242-b01) for windows-amd64 JRE (1.8.0_242-release-1644-b01), built by "builder" with MS VC++ 10.0 (VS2010)

time: Wed Mar 24 12:51:58 2021
timezone: India Standard Time
elapsed time: 4 seconds (0d 0h 0m 4s)

